#
# There is insufficient memory for the Java Runtime Environment to continue.
# Native memory allocation (malloc) failed to allocate 1123376 bytes for Chunk::new
# Possible reasons:
#   The system is out of physical RAM or swap space
#   The process is running with CompressedOops enabled, and the Java Heap may be blocking the growth of the native heap
# Possible solutions:
#   Reduce memory load on the system
#   Increase physical memory or swap space
#   Check if swap backing store is full
#   Decrease Java heap size (-Xmx/-Xms)
#   Decrease number of Java threads
#   Decrease Java thread stack sizes (-Xss)
#   Set larger code cache with -XX:ReservedCodeCacheSize=
#   JVM is running with Unscaled Compressed Oops mode in which the Java heap is
#     placed in the first 4GB address space. The Java Heap base address is the
#     maximum limit for the native heap growth. Please use -XX:HeapBaseMinAddress
#     to set the Java Heap base and to place the Java Heap above 4GB virtual address.
# This output file may be truncated or incomplete.
#
#  Out of Memory Error (allocation.cpp:389), pid=13692, tid=0x0000000000003538
#
# JRE version: OpenJDK Runtime Environment (8.0_242-b01) (build 1.8.0_242-release-1644-b01)
# Java VM: OpenJDK 64-Bit Server VM (25.242-b01 mixed mode windows-amd64 compressed oops)
# Failed to write core dump. Minidumps are not enabled by default on client versions of Windows
#

---------------  T H R E A D  ---------------

Current thread (0x0000000017acd800):  JavaThread "C2 CompilerThread1" daemon [_thread_in_native, id=13624, stack(0x00000000194c0000,0x00000000195c0000)]

Stack: [0x00000000194c0000,0x00000000195c0000]
[error occurred during error reporting (printing stack bounds), id 0xc0000005]

Native frames: (J=compiled Java code, j=interpreted, Vv=VM code, C=native code)


Current CompileTask:
C2:  16227 3775       4       java.net.URLClassLoader$1::run (5 bytes)


---------------  P R O C E S S  ---------------

Java Threads: ( => current thread )
  0x000000001e11c000 JavaThread "Cache worker for Build Output Cleanup Cache (I:\Android\raspberry_test\.gradle\buildOutputCleanup)" [_thread_blocked, id=3592, stack(0x0000000028240000,0x0000000028340000)]
  0x000000001e11b800 JavaThread "jar transforms Thread 92" [_thread_blocked, id=17184, stack(0x0000000027f40000,0x0000000028040000)]
  0x000000001e111000 JavaThread "jar transforms Thread 91" [_thread_blocked, id=10668, stack(0x0000000027e40000,0x0000000027f40000)]
  0x000000001e117800 JavaThread "jar transforms Thread 90" [_thread_blocked, id=24476, stack(0x0000000027d40000,0x0000000027e40000)]
  0x000000001e115800 JavaThread "jar transforms Thread 89" [_thread_blocked, id=9788, stack(0x0000000027c40000,0x0000000027d40000)]
  0x000000001e117000 JavaThread "jar transforms Thread 88" [_thread_blocked, id=12460, stack(0x0000000027b40000,0x0000000027c40000)]
  0x000000001e116000 JavaThread "jar transforms Thread 87" [_thread_blocked, id=21724, stack(0x0000000027a40000,0x0000000027b40000)]
  0x000000001e111800 JavaThread "jar transforms Thread 86" [_thread_blocked, id=10208, stack(0x0000000027940000,0x0000000027a40000)]
  0x000000001e10e000 JavaThread "jar transforms Thread 85" [_thread_blocked, id=18472, stack(0x0000000027840000,0x0000000027940000)]
  0x000000001e114800 JavaThread "jar transforms Thread 84" [_thread_blocked, id=22360, stack(0x0000000027740000,0x0000000027840000)]
  0x000000001e10e800 JavaThread "jar transforms Thread 83" [_thread_blocked, id=15916, stack(0x0000000027640000,0x0000000027740000)]
  0x000000001e114000 JavaThread "jar transforms Thread 82" [_thread_blocked, id=22332, stack(0x0000000027540000,0x0000000027640000)]
  0x000000001e112800 JavaThread "jar transforms Thread 81" [_thread_blocked, id=2840, stack(0x0000000027440000,0x0000000027540000)]
  0x000000001e110000 JavaThread "jar transforms Thread 80" [_thread_blocked, id=17496, stack(0x0000000027340000,0x0000000027440000)]
  0x000000001e113000 JavaThread "jar transforms Thread 79" [_thread_blocked, id=10072, stack(0x0000000027240000,0x0000000027340000)]
  0x000000001e10f800 JavaThread "jar transforms Thread 78" [_thread_blocked, id=7188, stack(0x0000000027140000,0x0000000027240000)]
  0x00000000208db000 JavaThread "jar transforms Thread 77" [_thread_blocked, id=19712, stack(0x0000000027040000,0x0000000027140000)]
  0x00000000208d9800 JavaThread "jar transforms Thread 76" [_thread_blocked, id=1200, stack(0x0000000026f40000,0x0000000027040000)]
  0x00000000208dc800 JavaThread "jar transforms Thread 75" [_thread_blocked, id=21900, stack(0x0000000026e40000,0x0000000026f40000)]
  0x00000000208da000 JavaThread "jar transforms Thread 74" [_thread_blocked, id=8756, stack(0x0000000026d40000,0x0000000026e40000)]
  0x00000000208db800 JavaThread "jar transforms Thread 73" [_thread_blocked, id=14132, stack(0x0000000026c40000,0x0000000026d40000)]
  0x00000000208d2000 JavaThread "jar transforms Thread 72" [_thread_blocked, id=10276, stack(0x0000000026b40000,0x0000000026c40000)]
  0x00000000208d8000 JavaThread "jar transforms Thread 71" [_thread_blocked, id=22860, stack(0x0000000026a40000,0x0000000026b40000)]
  0x00000000208d7000 JavaThread "jar transforms Thread 70" [_thread_blocked, id=18964, stack(0x0000000026940000,0x0000000026a40000)]
  0x00000000208d6800 JavaThread "jar transforms Thread 69" [_thread_blocked, id=1296, stack(0x0000000026840000,0x0000000026940000)]
  0x00000000208d8800 JavaThread "jar transforms Thread 68" [_thread_blocked, id=360, stack(0x0000000026740000,0x0000000026840000)]
  0x00000000208d5800 JavaThread "jar transforms Thread 67" [_thread_blocked, id=24256, stack(0x0000000026640000,0x0000000026740000)]
  0x00000000208ce000 JavaThread "jar transforms Thread 66" [_thread_blocked, id=6292, stack(0x0000000026540000,0x0000000026640000)]
  0x00000000208d4000 JavaThread "jar transforms Thread 65" [_thread_blocked, id=19704, stack(0x0000000026440000,0x0000000026540000)]
  0x00000000208d1000 JavaThread "jar transforms Thread 64" [_thread_blocked, id=20728, stack(0x0000000026340000,0x0000000026440000)]
  0x00000000208d0800 JavaThread "jar transforms Thread 63" [_thread_blocked, id=12956, stack(0x0000000026240000,0x0000000026340000)]
  0x00000000208d3800 JavaThread "jar transforms Thread 62" [_thread_blocked, id=11380, stack(0x0000000026140000,0x0000000026240000)]
  0x00000000208d2800 JavaThread "jar transforms Thread 61" [_thread_blocked, id=8792, stack(0x0000000026040000,0x0000000026140000)]
  0x00000000208d5000 JavaThread "jar transforms Thread 60" [_thread_blocked, id=8980, stack(0x0000000025f40000,0x0000000026040000)]
  0x00000000208cf800 JavaThread "jar transforms Thread 59" [_thread_blocked, id=9960, stack(0x0000000025e40000,0x0000000025f40000)]
  0x00000000208cf000 JavaThread "jar transforms Thread 58" [_thread_blocked, id=6976, stack(0x0000000025d40000,0x0000000025e40000)]
  0x00000000208cd800 JavaThread "jar transforms Thread 57" [_thread_blocked, id=10304, stack(0x0000000025c40000,0x0000000025d40000)]
  0x000000001a715000 JavaThread "jar transforms Thread 56" [_thread_blocked, id=24508, stack(0x0000000025b40000,0x0000000025c40000)]
  0x000000001a714000 JavaThread "jar transforms Thread 55" [_thread_blocked, id=21668, stack(0x0000000025a40000,0x0000000025b40000)]
  0x000000001a713800 JavaThread "jar transforms Thread 54" [_thread_blocked, id=15964, stack(0x0000000025940000,0x0000000025a40000)]
  0x000000001a712800 JavaThread "jar transforms Thread 53" [_thread_blocked, id=19664, stack(0x0000000025840000,0x0000000025940000)]
  0x000000001a711000 JavaThread "jar transforms Thread 52" [_thread_blocked, id=16652, stack(0x0000000025740000,0x0000000025840000)]
  0x000000001a712000 JavaThread "jar transforms Thread 51" [_thread_blocked, id=8136, stack(0x0000000025640000,0x0000000025740000)]
  0x000000001a70f800 JavaThread "jar transforms Thread 50" [_thread_blocked, id=20992, stack(0x0000000025540000,0x0000000025640000)]
  0x000000001a710800 JavaThread "jar transforms Thread 49" [_thread_blocked, id=6608, stack(0x0000000025440000,0x0000000025540000)]
  0x000000001a708800 JavaThread "jar transforms Thread 48" [_thread_blocked, id=5092, stack(0x0000000025340000,0x0000000025440000)]
  0x000000001a70a000 JavaThread "jar transforms Thread 47" [_thread_blocked, id=20692, stack(0x0000000025240000,0x0000000025340000)]
  0x000000001a70f000 JavaThread "jar transforms Thread 46" [_thread_blocked, id=16324, stack(0x0000000025140000,0x0000000025240000)]
  0x000000001a707000 JavaThread "jar transforms Thread 45" [_thread_blocked, id=17004, stack(0x0000000025040000,0x0000000025140000)]
  0x000000001a70e000 JavaThread "jar transforms Thread 44" [_thread_blocked, id=16572, stack(0x0000000024f40000,0x0000000025040000)]
  0x000000001a70d800 JavaThread "jar transforms Thread 43" [_thread_blocked, id=19216, stack(0x0000000024e40000,0x0000000024f40000)]
  0x000000001a708000 JavaThread "jar transforms Thread 42" [_thread_blocked, id=23988, stack(0x0000000024d40000,0x0000000024e40000)]
  0x000000001a70b000 JavaThread "jar transforms Thread 41" [_thread_blocked, id=15656, stack(0x0000000024c40000,0x0000000024d40000)]
  0x000000001a706800 JavaThread "jar transforms Thread 40" [_thread_blocked, id=2716, stack(0x0000000024b40000,0x0000000024c40000)]
  0x000000001a70c800 JavaThread "jar transforms Thread 39" [_thread_blocked, id=8004, stack(0x0000000024a40000,0x0000000024b40000)]
  0x000000001a705800 JavaThread "jar transforms Thread 38" [_thread_blocked, id=9228, stack(0x0000000024940000,0x0000000024a40000)]
  0x000000001a70b800 JavaThread "jar transforms Thread 37" [_thread_blocked, id=10084, stack(0x0000000024840000,0x0000000024940000)]
  0x000000001a709800 JavaThread "jar transforms Thread 36" [_thread_blocked, id=17172, stack(0x0000000024740000,0x0000000024840000)]
  0x000000001be27800 JavaThread "jar transforms Thread 35" [_thread_blocked, id=22904, stack(0x0000000024640000,0x0000000024740000)]
  0x000000001be27000 JavaThread "jar transforms Thread 34" [_thread_blocked, id=16280, stack(0x0000000024540000,0x0000000024640000)]
  0x000000001be26000 JavaThread "jar transforms Thread 33" [_thread_blocked, id=18608, stack(0x0000000024440000,0x0000000024540000)]
  0x000000001be25800 JavaThread "jar transforms Thread 32" [_thread_blocked, id=2464, stack(0x0000000024340000,0x0000000024440000)]
  0x000000001be24800 JavaThread "jar transforms Thread 31" [_thread_blocked, id=4296, stack(0x0000000024240000,0x0000000024340000)]
  0x000000001be1d000 JavaThread "jar transforms Thread 30" [_thread_blocked, id=17876, stack(0x0000000024140000,0x0000000024240000)]
  0x000000001be24000 JavaThread "jar transforms Thread 29" [_thread_blocked, id=18308, stack(0x0000000024040000,0x0000000024140000)]
  0x000000001be1c000 JavaThread "jar transforms Thread 28" [_thread_blocked, id=14168, stack(0x0000000023f40000,0x0000000024040000)]
  0x000000001be23000 JavaThread "jar transforms Thread 27" [_thread_blocked, id=17248, stack(0x0000000023e40000,0x0000000023f40000)]
  0x000000001be22800 JavaThread "jar transforms Thread 26" [_thread_blocked, id=8296, stack(0x0000000023d40000,0x0000000023e40000)]
  0x000000001be20800 JavaThread "jar transforms Thread 25" [_thread_blocked, id=16524, stack(0x0000000023c40000,0x0000000023d40000)]
  0x000000001be20000 JavaThread "jar transforms Thread 24" [_thread_blocked, id=18084, stack(0x0000000023b40000,0x0000000023c40000)]
  0x000000001be1a800 JavaThread "jar transforms Thread 23" [_thread_blocked, id=12416, stack(0x0000000023a40000,0x0000000023b40000)]
  0x000000001be1f000 JavaThread "jar transforms Thread 22" [_thread_blocked, id=20192, stack(0x0000000023940000,0x0000000023a40000)]
  0x000000001be21800 JavaThread "jar transforms Thread 21" [_thread_blocked, id=16180, stack(0x0000000023840000,0x0000000023940000)]
  0x000000001be1a000 JavaThread "jar transforms Thread 20" [_thread_blocked, id=20524, stack(0x0000000023740000,0x0000000023840000)]
  0x000000001be1d800 JavaThread "jar transforms Thread 19" [_thread_blocked, id=3452, stack(0x0000000023640000,0x0000000023740000)]
  0x000000001be1b800 JavaThread "jar transforms Thread 18" [_thread_blocked, id=15724, stack(0x0000000023540000,0x0000000023640000)]
  0x000000001be18800 JavaThread "jar transforms Thread 17" [_thread_blocked, id=10520, stack(0x0000000023440000,0x0000000023540000)]
  0x000000001be1e800 JavaThread "jar transforms Thread 16" [_thread_blocked, id=17312, stack(0x0000000023340000,0x0000000023440000)]
  0x000000001be19000 JavaThread "jar transforms Thread 15" [_thread_blocked, id=12316, stack(0x0000000023240000,0x0000000023340000)]
  0x000000001ea2e000 JavaThread "jar transforms Thread 14" [_thread_blocked, id=21556, stack(0x0000000023140000,0x0000000023240000)]
  0x000000001ea2d000 JavaThread "jar transforms Thread 13" [_thread_blocked, id=18428, stack(0x0000000023040000,0x0000000023140000)]
  0x000000001ea2b800 JavaThread "jar transforms Thread 12" [_thread_blocked, id=9240, stack(0x0000000022f40000,0x0000000023040000)]
  0x000000001ea2a000 JavaThread "jar transforms Thread 11" [_thread_blocked, id=12848, stack(0x0000000022e40000,0x0000000022f40000)]
  0x000000001ea2b000 JavaThread "jar transforms Thread 10" [_thread_blocked, id=24048, stack(0x0000000022d40000,0x0000000022e40000)]
  0x000000001ea2f800 JavaThread "jar transforms Thread 9" [_thread_blocked, id=4476, stack(0x0000000022c40000,0x0000000022d40000)]
  0x000000001ea29800 JavaThread "jar transforms Thread 8" [_thread_blocked, id=16172, stack(0x0000000022b40000,0x0000000022c40000)]
  0x000000001ea2c800 JavaThread "jar transforms Thread 7" [_thread_blocked, id=17632, stack(0x0000000022a40000,0x0000000022b40000)]
  0x000000001ea2e800 JavaThread "jar transforms Thread 6" [_thread_blocked, id=11344, stack(0x0000000022940000,0x0000000022a40000)]
  0x000000001ea24000 JavaThread "jar transforms Thread 5" [_thread_blocked, id=6264, stack(0x0000000022840000,0x0000000022940000)]
  0x000000001ea22000 JavaThread "jar transforms Thread 4" [_thread_blocked, id=18072, stack(0x0000000022740000,0x0000000022840000)]
  0x000000001ea23800 JavaThread "jar transforms Thread 3" [_thread_blocked, id=3872, stack(0x0000000022640000,0x0000000022740000)]
  0x000000001ea28800 JavaThread "jar transforms Thread 2" [_thread_blocked, id=22652, stack(0x0000000022540000,0x0000000022640000)]
  0x000000001ea21000 JavaThread "Build operations Thread 4" [_thread_blocked, id=17296, stack(0x0000000022440000,0x0000000022540000)]
  0x000000001ea28000 JavaThread "Build operations Thread 3" [_thread_blocked, id=22116, stack(0x0000000022340000,0x0000000022440000)]
  0x000000001ea22800 JavaThread "Build operations Thread 2" [_thread_blocked, id=19224, stack(0x0000000022240000,0x0000000022340000)]
  0x000000001ea20800 JavaThread "Build operations" [_thread_blocked, id=16756, stack(0x0000000022140000,0x0000000022240000)]
  0x0000000019a24000 JavaThread "Cache worker for file content cache (C:\Users\Administrator\.gradle\caches\6.5\fileContent)" [_thread_blocked, id=23760, stack(0x0000000021a40000,0x0000000021b40000)]
  0x0000000019a21800 JavaThread "jar transforms" [_thread_blocked, id=6648, stack(0x0000000021940000,0x0000000021a40000)]
  0x0000000019a25800 JavaThread "Cache worker for execution history cache (C:\Users\Administrator\.gradle\caches\6.5\executionHistory)" [_thread_blocked, id=19212, stack(0x0000000021240000,0x0000000021340000)]
  0x0000000019a20000 JavaThread "Cache worker for cache directory md-rule (C:\Users\Administrator\.gradle\caches\6.5\md-rule)" [_thread_blocked, id=12332, stack(0x0000000021140000,0x0000000021240000)]
  0x0000000019a22800 JavaThread "Cache worker for cache directory md-supplier (C:\Users\Administrator\.gradle\caches\6.5\md-supplier)" [_thread_blocked, id=24396, stack(0x000000001fc00000,0x000000001fd00000)]
  0x0000000019a1f800 JavaThread "Cache worker for checksums cache (I:\Android\raspberry_test\.gradle\checksums)" [_thread_blocked, id=17332, stack(0x000000001fb00000,0x000000001fc00000)]
  0x0000000019a24800 JavaThread "Cache worker for file hash cache (I:\Android\raspberry_test\.gradle\6.5\fileHashes)" [_thread_blocked, id=19736, stack(0x000000001ff80000,0x0000000020080000)]
  0x0000000019a26000 JavaThread "Cache worker for file hash cache (C:\Users\Administrator\.gradle\caches\6.5\fileHashes)" [_thread_blocked, id=10156, stack(0x000000001d660000,0x000000001d760000)]
  0x0000000019a21000 JavaThread "File lock request listener" [_thread_in_native, id=14412, stack(0x000000001d560000,0x000000001d660000)]
  0x000000001b4fe800 JavaThread "Cache worker for journal cache (C:\Users\Administrator\.gradle\caches\journal-1)" [_thread_blocked, id=15172, stack(0x000000001d360000,0x000000001d460000)]
  0x0000000019f1d000 JavaThread "Thread-9" [_thread_blocked, id=8152, stack(0x000000001d060000,0x000000001d160000)]
  0x0000000019f1a000 JavaThread "Stdin handler" [_thread_blocked, id=19776, stack(0x000000001cf60000,0x000000001d060000)]
  0x0000000019f13000 JavaThread "Asynchronous log dispatcher for DefaultDaemonConnection: socket connection from /127.0.0.1:1642 to /127.0.0.1:1643" [_thread_blocked, id=15860, stack(0x000000001ce60000,0x000000001cf60000)]
  0x0000000019f23000 JavaThread "Daemon worker" [_thread_in_vm, id=20812, stack(0x000000001cd60000,0x000000001ce60000)]
  0x0000000019f22800 JavaThread "Cancel handler" [_thread_blocked, id=20172, stack(0x000000001cc60000,0x000000001cd60000)]
  0x000000001a56d800 JavaThread "Handler for socket connection from /127.0.0.1:1642 to /127.0.0.1:1643" [_thread_in_native, id=3900, stack(0x000000001cb60000,0x000000001cc60000)]
  0x000000001b4af000 JavaThread "Daemon" [_thread_blocked, id=16928, stack(0x000000001ca60000,0x000000001cb60000)]
  0x000000001911c000 JavaThread "Daemon periodic checks" [_thread_blocked, id=22840, stack(0x000000001c960000,0x000000001ca60000)]
  0x000000001b4ab800 JavaThread "Incoming local TCP Connector on port 1642" [_thread_in_native, id=2960, stack(0x000000001c660000,0x000000001c760000)]
  0x000000001b3f7000 JavaThread "Daemon health stats" [_thread_blocked, id=16920, stack(0x000000001c260000,0x000000001c360000)]
  0x0000000018e20000 JavaThread "Service Thread" daemon [_thread_blocked, id=11884, stack(0x00000000196c0000,0x00000000197c0000)]
  0x0000000018e11800 JavaThread "C1 CompilerThread2" daemon [_thread_blocked, id=21216, stack(0x00000000195c0000,0x00000000196c0000)]
=>0x0000000017acd800 JavaThread "C2 CompilerThread1" daemon [_thread_in_native, id=13624, stack(0x00000000194c0000,0x00000000195c0000)]
  0x0000000017aca000 JavaThread "C2 CompilerThread0" daemon [_thread_blocked, id=23504, stack(0x00000000193c0000,0x00000000194c0000)]
  0x0000000017ac8800 JavaThread "Attach Listener" daemon [_thread_blocked, id=4848, stack(0x00000000192c0000,0x00000000193c0000)]
  0x0000000017a7e800 JavaThread "Signal Dispatcher" daemon [_thread_blocked, id=7704, stack(0x00000000191c0000,0x00000000192c0000)]
  0x0000000002e4b800 JavaThread "Finalizer" daemon [_thread_blocked, id=19440, stack(0x0000000018cc0000,0x0000000018dc0000)]
  0x0000000017a59000 JavaThread "Reference Handler" daemon [_thread_blocked, id=14240, stack(0x0000000018bc0000,0x0000000018cc0000)]
  0x0000000002d52800 JavaThread "main" [_thread_blocked, id=14700, stack(0x0000000002900000,0x0000000002a00000)]

Other Threads:
  0x0000000017a36000 VMThread [stack: 0x0000000018ac0000,0x0000000018bc0000] [id=13196]
  0x0000000018e21000 WatcherThread [stack: 0x00000000197c0000,0x00000000198c0000] [id=7636]

VM state:not at safepoint (normal execution)

VM Mutex/Monitor currently owned by a thread: None

heap address: 0x0000000080000000, size: 2048 MB, Compressed Oops mode: 32-bit
Narrow klass base: 0x0000000000000000, Narrow klass shift: 3
Compressed class space size: 1073741824 Address: 0x0000000100000000

Heap:
 PSYoungGen      total 266240K, used 162243K [0x00000000d5580000, 0x00000000e6800000, 0x0000000100000000)
  eden space 251392K, 64% used [0x00000000d5580000,0x00000000df3f0fa8,0x00000000e4b00000)
  from space 14848K, 0% used [0x00000000e5980000,0x00000000e5980000,0x00000000e6800000)
  to   space 14848K, 0% used [0x00000000e4b00000,0x00000000e4b00000,0x00000000e5980000)
 ParOldGen       total 111104K, used 14773K [0x0000000080000000, 0x0000000086c80000, 0x00000000d5580000)
  object space 111104K, 13% used [0x0000000080000000,0x0000000080e6d510,0x0000000086c80000)
 Metaspace       used 38941K, capacity 40652K, committed 40792K, reserved 1085440K
  class space    used 5360K, capacity 5744K, committed 5760K, reserved 1048576K

Card table byte_map: [0x0000000012210000,0x0000000012620000] byte_map_base: 0x0000000011e10000

Marking Bits: (ParMarkBitMap*) 0x00000000732cf030
 Begin Bits: [0x0000000012cd0000, 0x0000000014cd0000)
 End Bits:   [0x0000000014cd0000, 0x0000000016cd0000)

Polling page: 0x0000000000b90000

CodeCache: size=245760Kb used=12440Kb max_used=12453Kb free=233319Kb
 bounds [0x0000000002e50000, 0x0000000003a90000, 0x0000000011e50000]
 total_blobs=4277 nmethods=3570 adapters=619
 compilation: enabled

Compilation events (10 events):
Event: 16.217 Thread 0x0000000018e11800 nmethod 3839 0x0000000003a7d590 code [0x0000000003a7d720, 0x0000000003a7db48]
Event: 16.217 Thread 0x0000000018e11800 3840       3       java.lang.invoke.MethodHandles$Lookup::findBoundCallerClass (36 bytes)
Event: 16.217 Thread 0x0000000017aca000 nmethod 3827 0x0000000003a6d410 code [0x0000000003a6d540, 0x0000000003a6d5b8]
Event: 16.217 Thread 0x0000000018e11800 nmethod 3840 0x0000000003a7e990 code [0x0000000003a7eb80, 0x0000000003a7f4f8]
Event: 16.217 Thread 0x0000000018e11800 3842       3       java.lang.invoke.DirectMethodHandle::maybeCompile (18 bytes)
Event: 16.217 Thread 0x0000000018e11800 nmethod 3842 0x0000000003a7e490 code [0x0000000003a7e600, 0x0000000003a7e898]
Event: 16.217 Thread 0x0000000018e11800 3843       3       java.lang.invoke.LambdaFormBuffer::indexOf (25 bytes)
Event: 16.217 Thread 0x0000000018e11800 nmethod 3843 0x0000000003a7d110 code [0x0000000003a7d280, 0x0000000003a7d4b0]
Event: 16.219 Thread 0x0000000017aca000 3844       4       jdk.internal.org.objectweb.asm.MethodWriter::visitVarInsn (292 bytes)
Event: 16.223 Thread 0x0000000017aca000 nmethod 3844 0x0000000003a7b050 code [0x0000000003a7b1e0, 0x0000000003a7b6e8]

GC Heap History (10 events):
Event: 13.480 GC heap before
{Heap before GC invocations=4 (full 0):
 PSYoungGen      total 75776K, used 19767K [0x00000000d5580000, 0x00000000de980000, 0x0000000100000000)
  eden space 65024K, 13% used [0x00000000d5580000,0x00000000d5e4e9f8,0x00000000d9500000)
  from space 10752K, 99% used [0x00000000d9500000,0x00000000d9f7f270,0x00000000d9f80000)
  to   space 10752K, 0% used [0x00000000ddf00000,0x00000000ddf00000,0x00000000de980000)
 ParOldGen       total 173568K, used 913K [0x0000000080000000, 0x000000008a980000, 0x00000000d5580000)
  object space 173568K, 0% used [0x0000000080000000,0x00000000800e45b0,0x000000008a980000)
 Metaspace       used 20507K, capacity 21204K, committed 21248K, reserved 1067008K
  class space    used 2839K, capacity 3048K, committed 3072K, reserved 1048576K
Event: 13.489 GC heap after
Heap after GC invocations=4 (full 0):
 PSYoungGen      total 140800K, used 7625K [0x00000000d5580000, 0x00000000de980000, 0x0000000100000000)
  eden space 130048K, 0% used [0x00000000d5580000,0x00000000d5580000,0x00000000dd480000)
  from space 10752K, 70% used [0x00000000ddf00000,0x00000000de672458,0x00000000de980000)
  to   space 10752K, 0% used [0x00000000dd480000,0x00000000dd480000,0x00000000ddf00000)
 ParOldGen       total 173568K, used 921K [0x0000000080000000, 0x000000008a980000, 0x00000000d5580000)
  object space 173568K, 0% used [0x0000000080000000,0x00000000800e65b0,0x000000008a980000)
 Metaspace       used 20507K, capacity 21204K, committed 21248K, reserved 1067008K
  class space    used 2839K, capacity 3048K, committed 3072K, reserved 1048576K
}
Event: 13.489 GC heap before
{Heap before GC invocations=5 (full 1):
 PSYoungGen      total 140800K, used 7625K [0x00000000d5580000, 0x00000000de980000, 0x0000000100000000)
  eden space 130048K, 0% used [0x00000000d5580000,0x00000000d5580000,0x00000000dd480000)
  from space 10752K, 70% used [0x00000000ddf00000,0x00000000de672458,0x00000000de980000)
  to   space 10752K, 0% used [0x00000000dd480000,0x00000000dd480000,0x00000000ddf00000)
 ParOldGen       total 173568K, used 921K [0x0000000080000000, 0x000000008a980000, 0x00000000d5580000)
  object space 173568K, 0% used [0x0000000080000000,0x00000000800e65b0,0x000000008a980000)
 Metaspace       used 20507K, capacity 21204K, committed 21248K, reserved 1067008K
  class space    used 2839K, capacity 3048K, committed 3072K, reserved 1048576K
Event: 13.520 GC heap after
Heap after GC invocations=5 (full 1):
 PSYoungGen      total 140800K, used 0K [0x00000000d5580000, 0x00000000de980000, 0x0000000100000000)
  eden space 130048K, 0% used [0x00000000d5580000,0x00000000d5580000,0x00000000dd480000)
  from space 10752K, 0% used [0x00000000ddf00000,0x00000000ddf00000,0x00000000de980000)
  to   space 10752K, 0% used [0x00000000dd480000,0x00000000dd480000,0x00000000ddf00000)
 ParOldGen       total 77824K, used 7525K [0x0000000080000000, 0x0000000084c00000, 0x00000000d5580000)
  object space 77824K, 9% used [0x0000000080000000,0x0000000080759538,0x0000000084c00000)
 Metaspace       used 20507K, capacity 21204K, committed 21248K, reserved 1067008K
  class space    used 2839K, capacity 3048K, committed 3072K, reserved 1048576K
}
Event: 14.953 GC heap before
{Heap before GC invocations=6 (full 1):
 PSYoungGen      total 140800K, used 130048K [0x00000000d5580000, 0x00000000de980000, 0x0000000100000000)
  eden space 130048K, 100% used [0x00000000d5580000,0x00000000dd480000,0x00000000dd480000)
  from space 10752K, 0% used [0x00000000ddf00000,0x00000000ddf00000,0x00000000de980000)
  to   space 10752K, 0% used [0x00000000dd480000,0x00000000dd480000,0x00000000ddf00000)
 ParOldGen       total 77824K, used 7525K [0x0000000080000000, 0x0000000084c00000, 0x00000000d5580000)
  object space 77824K, 9% used [0x0000000080000000,0x0000000080759538,0x0000000084c00000)
 Metaspace       used 32745K, capacity 33808K, committed 33920K, reserved 1079296K
  class space    used 4439K, capacity 4690K, committed 4736K, reserved 1048576K
Event: 14.970 GC heap after
Heap after GC invocations=6 (full 1):
 PSYoungGen      total 140800K, used 10744K [0x00000000d5580000, 0x00000000e6880000, 0x0000000100000000)
  eden space 130048K, 0% used [0x00000000d5580000,0x00000000d5580000,0x00000000dd480000)
  from space 10752K, 99% used [0x00000000dd480000,0x00000000ddefe0c8,0x00000000ddf00000)
  to   space 15360K, 0% used [0x00000000e5980000,0x00000000e5980000,0x00000000e6880000)
 ParOldGen       total 77824K, used 10707K [0x0000000080000000, 0x0000000084c00000, 0x00000000d5580000)
  object space 77824K, 13% used [0x0000000080000000,0x0000000080a74eb0,0x0000000084c00000)
 Metaspace       used 32745K, capacity 33808K, committed 33920K, reserved 1079296K
  class space    used 4439K, capacity 4690K, committed 4736K, reserved 1048576K
}
Event: 15.255 GC heap before
{Heap before GC invocations=7 (full 1):
 PSYoungGen      total 140800K, used 42112K [0x00000000d5580000, 0x00000000e6880000, 0x0000000100000000)
  eden space 130048K, 24% used [0x00000000d5580000,0x00000000d74222f0,0x00000000dd480000)
  from space 10752K, 99% used [0x00000000dd480000,0x00000000ddefe0c8,0x00000000ddf00000)
  to   space 15360K, 0% used [0x00000000e5980000,0x00000000e5980000,0x00000000e6880000)
 ParOldGen       total 77824K, used 10707K [0x0000000080000000, 0x0000000084c00000, 0x00000000d5580000)
  object space 77824K, 13% used [0x0000000080000000,0x0000000080a74eb0,0x0000000084c00000)
 Metaspace       used 34216K, capacity 35368K, committed 35416K, reserved 1079296K
  class space    used 4683K, capacity 4945K, committed 4992K, reserved 1048576K
Event: 15.266 GC heap after
Heap after GC invocations=7 (full 1):
 PSYoungGen      total 266240K, used 8038K [0x00000000d5580000, 0x00000000e6800000, 0x0000000100000000)
  eden space 251392K, 0% used [0x00000000d5580000,0x00000000d5580000,0x00000000e4b00000)
  from space 14848K, 54% used [0x00000000e5980000,0x00000000e6159b38,0x00000000e6800000)
  to   space 14848K, 0% used [0x00000000e4b00000,0x00000000e4b00000,0x00000000e5980000)
 ParOldGen       total 77824K, used 10715K [0x0000000080000000, 0x0000000084c00000, 0x00000000d5580000)
  object space 77824K, 13% used [0x0000000080000000,0x0000000080a76eb0,0x0000000084c00000)
 Metaspace       used 34216K, capacity 35368K, committed 35416K, reserved 1079296K
  class space    used 4683K, capacity 4945K, committed 4992K, reserved 1048576K
}
Event: 15.266 GC heap before
{Heap before GC invocations=8 (full 2):
 PSYoungGen      total 266240K, used 8038K [0x00000000d5580000, 0x00000000e6800000, 0x0000000100000000)
  eden space 251392K, 0% used [0x00000000d5580000,0x00000000d5580000,0x00000000e4b00000)
  from space 14848K, 54% used [0x00000000e5980000,0x00000000e6159b38,0x00000000e6800000)
  to   space 14848K, 0% used [0x00000000e4b00000,0x00000000e4b00000,0x00000000e5980000)
 ParOldGen       total 77824K, used 10715K [0x0000000080000000, 0x0000000084c00000, 0x00000000d5580000)
  object space 77824K, 13% used [0x0000000080000000,0x0000000080a76eb0,0x0000000084c00000)
 Metaspace       used 34216K, capacity 35368K, committed 35416K, reserved 1079296K
  class space    used 4683K, capacity 4945K, committed 4992K, reserved 1048576K
Event: 15.321 GC heap after
Heap after GC invocations=8 (full 2):
 PSYoungGen      total 266240K, used 0K [0x00000000d5580000, 0x00000000e6800000, 0x0000000100000000)
  eden space 251392K, 0% used [0x00000000d5580000,0x00000000d5580000,0x00000000e4b00000)
  from space 14848K, 0% used [0x00000000e5980000,0x00000000e5980000,0x00000000e6800000)
  to   space 14848K, 0% used [0x00000000e4b00000,0x00000000e4b00000,0x00000000e5980000)
 ParOldGen       total 111104K, used 14773K [0x0000000080000000, 0x0000000086c80000, 0x00000000d5580000)
  object space 111104K, 13% used [0x0000000080000000,0x0000000080e6d510,0x0000000086c80000)
 Metaspace       used 34216K, capacity 35368K, committed 35416K, reserved 1079296K
  class space    used 4683K, capacity 4945K, committed 4992K, reserved 1048576K
}

Deoptimization events (10 events):
Event: 15.729 Thread 0x000000001ea21000 Uncommon trap: reason=class_check action=maybe_recompile pc=0x00000000034675a0 method=java.util.concurrent.ConcurrentHashMap.putVal(Ljava/lang/Object;Ljava/lang/Object;Z)Ljava/lang/Object; @ 192
Event: 15.915 Thread 0x0000000019f23000 Uncommon trap: reason=bimorphic action=maybe_recompile pc=0x00000000037b4b08 method=java.util.AbstractCollection.addAll(Ljava/util/Collection;)Z @ 29
Event: 15.990 Thread 0x0000000019f23000 Uncommon trap: reason=unstable_if action=reinterpret pc=0x000000000320ce50 method=java.util.regex.Pattern.has(I)Z @ 6
Event: 15.991 Thread 0x0000000019f23000 Uncommon trap: reason=bimorphic action=maybe_recompile pc=0x00000000037b4b08 method=java.util.AbstractCollection.addAll(Ljava/util/Collection;)Z @ 29
Event: 16.022 Thread 0x0000000019f23000 Uncommon trap: reason=predicate action=maybe_recompile pc=0x0000000003468e08 method=com.google.common.base.CharMatcher.indexIn(Ljava/lang/CharSequence;I)I @ 22
Event: 16.031 Thread 0x0000000019f23000 Uncommon trap: reason=bimorphic action=maybe_recompile pc=0x00000000034fcd9c method=java.lang.ClassLoader.getPackage(Ljava/lang/String;)Ljava/lang/Package; @ 47
Event: 16.031 Thread 0x0000000019f23000 Uncommon trap: reason=bimorphic action=maybe_recompile pc=0x00000000034fcd9c method=java.lang.ClassLoader.getPackage(Ljava/lang/String;)Ljava/lang/Package; @ 47
Event: 16.031 Thread 0x0000000019f23000 Uncommon trap: reason=bimorphic action=maybe_recompile pc=0x00000000034fcd9c method=java.lang.ClassLoader.getPackage(Ljava/lang/String;)Ljava/lang/Package; @ 47
Event: 16.031 Thread 0x0000000019f23000 Uncommon trap: reason=bimorphic action=maybe_recompile pc=0x00000000034fcd9c method=java.lang.ClassLoader.getPackage(Ljava/lang/String;)Ljava/lang/Package; @ 47
Event: 16.174 Thread 0x0000000019f23000 Uncommon trap: reason=unstable_if action=reinterpret pc=0x00000000036404f4 method=java.io.BufferedInputStream.read([BII)I @ 56

Classes redefined (0 events):
No events

Internal exceptions (10 events):
Event: 15.993 Thread 0x0000000019f1d000 Exception <a 'java/lang/NoSuchMethodError': <clinit>> (0x00000000d8403c10) thrown at [C:\src\AOSP-openjdk-git\hotspot\src\share\vm\prims\jni.cpp, line 1615]
Event: 15.995 Thread 0x0000000019f1d000 Exception <a 'java/lang/NoSuchMethodError': <clinit>> (0x00000000d840de80) thrown at [C:\src\AOSP-openjdk-git\hotspot\src\share\vm\prims\jni.cpp, line 1615]
Event: 15.995 Thread 0x0000000019f1d000 Exception <a 'java/lang/NoSuchMethodError': <clinit>> (0x00000000d8418f70) thrown at [C:\src\AOSP-openjdk-git\hotspot\src\share\vm\prims\jni.cpp, line 1615]
Event: 15.997 Thread 0x0000000019f1d000 Exception <a 'java/lang/NoSuchMethodError': <clinit>> (0x00000000d842c358) thrown at [C:\src\AOSP-openjdk-git\hotspot\src\share\vm\prims\jni.cpp, line 1615]
Event: 16.011 Thread 0x0000000019f23000 Exception <a 'java/lang/ClassNotFoundException': build_52ckfev536oztt1jjva50ia6wBeanInfo> (0x00000000ddb74938) thrown at [C:\src\AOSP-openjdk-git\hotspot\src\share\vm\classfile\systemDictionary.cpp, line 210]
Event: 16.011 Thread 0x0000000019f23000 Exception <a 'java/lang/ClassNotFoundException': build_52ckfev536oztt1jjva50ia6wCustomizer> (0x00000000ddb80578) thrown at [C:\src\AOSP-openjdk-git\hotspot\src\share\vm\classfile\systemDictionary.cpp, line 210]
Event: 16.019 Thread 0x0000000019f23000 Exception <a 'java/lang/ClassNotFoundException': org/gradle/plugin/use/internal/PluginRequestCollector$PluginDependenciesSpecImplBeanInfo> (0x00000000ddc20350) thrown at [C:\src\AOSP-openjdk-git\hotspot\src\share\vm\classfile\systemDictionary.cpp, line 21
Event: 16.020 Thread 0x0000000019f23000 Exception <a 'java/lang/ClassNotFoundException': org/gradle/plugin/use/internal/PluginRequestCollector$PluginDependenciesSpecImplCustomizer> (0x00000000ddc60290) thrown at [C:\src\AOSP-openjdk-git\hotspot\src\share\vm\classfile\systemDictionary.cpp, line 
Event: 16.044 Thread 0x0000000019f23000 Exception <a 'java/lang/ClassNotFoundException': org/gradle/api/internal/plugins/DefaultObjectConfigurationActionBeanInfo> (0x00000000ddf59bc0) thrown at [C:\src\AOSP-openjdk-git\hotspot\src\share\vm\classfile\systemDictionary.cpp, line 210]
Event: 16.045 Thread 0x0000000019f23000 Exception <a 'java/lang/ClassNotFoundException': org/gradle/api/internal/plugins/DefaultObjectConfigurationActionCustomizer> (0x00000000ddf9df20) thrown at [C:\src\AOSP-openjdk-git\hotspot\src\share\vm\classfile\systemDictionary.cpp, line 210]

Events (10 events):
Event: 16.225 loading class org/gradle/api/internal/project/ProjectInternal
Event: 16.225 loading class org/gradle/api/internal/project/ProjectInternal done
Event: 16.225 loading class org/gradle/api/internal/project/ProjectInternal
Event: 16.225 loading class org/gradle/api/internal/project/ProjectInternal done
Event: 16.225 loading class org/gradle/internal/service/scopes/ProjectScopeServices
Event: 16.225 loading class org/gradle/internal/service/scopes/ProjectScopeServices done
Event: 16.225 loading class org/gradle/api/internal/artifacts/transform/DefaultTransformationNodeRegistry
Event: 16.225 loading class org/gradle/api/internal/artifacts/transform/DefaultTransformationNodeRegistry done
Event: 16.226 loading class org/gradle/api/internal/artifacts/transform/TransformationNode
Event: 16.226 loading class org/gradle/api/internal/artifacts/transform/TransformationNode done


Dynamic libraries:
0x00007ff6e0520000 - 0x00007ff6e0551000 	D:\Android\jre\bin\java.exe
0x00007fff2f830000 - 0x00007fff2fa25000 	C:\WINDOWS\SYSTEM32\ntdll.dll
0x00007fff2e3d0000 - 0x00007fff2e48e000 	C:\WINDOWS\System32\KERNEL32.DLL
0x00007fff2d3b0000 - 0x00007fff2d678000 	C:\WINDOWS\System32\KERNELBASE.dll
0x00007fff2e4a0000 - 0x00007fff2e54e000 	C:\WINDOWS\System32\ADVAPI32.dll
0x00007fff2f600000 - 0x00007fff2f69e000 	C:\WINDOWS\System32\msvcrt.dll
0x00007fff2f3c0000 - 0x00007fff2f45c000 	C:\WINDOWS\System32\sechost.dll
0x00007fff2ee20000 - 0x00007fff2ef45000 	C:\WINDOWS\System32\RPCRT4.dll
0x00007fff2f460000 - 0x00007fff2f600000 	C:\WINDOWS\System32\USER32.dll
0x00007fff2d680000 - 0x00007fff2d6a2000 	C:\WINDOWS\System32\win32u.dll
0x00007fff2ec10000 - 0x00007fff2ec3b000 	C:\WINDOWS\System32\GDI32.dll
0x00007fff2d2a0000 - 0x00007fff2d3ab000 	C:\WINDOWS\System32\gdi32full.dll
0x00007fff2d200000 - 0x00007fff2d29d000 	C:\WINDOWS\System32\msvcp_win.dll
0x00007fff2d100000 - 0x00007fff2d200000 	C:\WINDOWS\System32\ucrtbase.dll
0x00007fff17750000 - 0x00007fff179ea000 	C:\WINDOWS\WinSxS\amd64_microsoft.windows.common-controls_6595b64144ccf1df_6.0.19041.1110_none_60b5254171f9507e\COMCTL32.dll
0x00007fff2edf0000 - 0x00007fff2ee20000 	C:\WINDOWS\System32\IMM32.DLL
0x0000000071fc0000 - 0x0000000072092000 	D:\Android\jre\jre\bin\msvcr100.dll
0x0000000072b00000 - 0x000000007334b000 	D:\Android\jre\jre\bin\server\jvm.dll
0x00007fff2e0f0000 - 0x00007fff2e0f8000 	C:\WINDOWS\System32\PSAPI.DLL
0x00007fff1b700000 - 0x00007fff1b709000 	C:\WINDOWS\SYSTEM32\WSOCK32.dll
0x00007fff2f780000 - 0x00007fff2f7eb000 	C:\WINDOWS\System32\WS2_32.dll
0x00007fff168f0000 - 0x00007fff16917000 	C:\WINDOWS\SYSTEM32\WINMM.dll
0x00007fff244d0000 - 0x00007fff244da000 	C:\WINDOWS\SYSTEM32\VERSION.dll
0x00007fff27ec0000 - 0x00007fff27ecf000 	D:\Android\jre\jre\bin\verify.dll
0x00007fff1b7b0000 - 0x00007fff1b7d9000 	D:\Android\jre\jre\bin\java.dll
0x00007fff26ab0000 - 0x00007fff26ac6000 	D:\Android\jre\jre\bin\zip.dll
0x00007fff2d9a0000 - 0x00007fff2e0e4000 	C:\WINDOWS\System32\SHELL32.dll
0x00007fff2ad70000 - 0x00007fff2b504000 	C:\WINDOWS\SYSTEM32\windows.storage.dll
0x00007fff2e710000 - 0x00007fff2ea64000 	C:\WINDOWS\System32\combase.dll
0x00007fff2c9b0000 - 0x00007fff2c9dc000 	C:\WINDOWS\SYSTEM32\Wldp.dll
0x00007fff2d890000 - 0x00007fff2d93d000 	C:\WINDOWS\System32\SHCORE.dll
0x00007fff2e370000 - 0x00007fff2e3c5000 	C:\WINDOWS\System32\shlwapi.dll
0x00007fff2ce90000 - 0x00007fff2ceaf000 	C:\WINDOWS\SYSTEM32\profapi.dll
0x00007fff251c0000 - 0x00007fff251da000 	D:\Android\jre\jre\bin\net.dll
0x00007fff2c6a0000 - 0x00007fff2c70a000 	C:\WINDOWS\system32\mswsock.dll
0x00007fff24240000 - 0x00007fff24253000 	D:\Android\jre\jre\bin\nio.dll
0x00007fff27390000 - 0x00007fff273b7000 	C:\Users\Administrator\.gradle\native\f6784746aeab05261644944871eae4fe03e0ef1612fff0a4a95f87b438bc6780\windows-amd64\native-platform.dll
0x00007fff253a0000 - 0x00007fff253ad000 	D:\Android\jre\jre\bin\management.dll
0x00007fff2c910000 - 0x00007fff2c928000 	C:\WINDOWS\SYSTEM32\CRYPTSP.dll
0x00007fff2bfc0000 - 0x00007fff2bff4000 	C:\WINDOWS\system32\rsaenh.dll
0x00007fff2d7f0000 - 0x00007fff2d817000 	C:\WINDOWS\System32\bcrypt.dll
0x00007fff2ce50000 - 0x00007fff2ce7e000 	C:\WINDOWS\SYSTEM32\USERENV.dll
0x00007fff2d6b0000 - 0x00007fff2d732000 	C:\WINDOWS\System32\bcryptprimitives.dll
0x00007fff2c900000 - 0x00007fff2c90c000 	C:\WINDOWS\SYSTEM32\CRYPTBASE.dll
0x00007fff2c390000 - 0x00007fff2c3cb000 	C:\WINDOWS\SYSTEM32\IPHLPAPI.DLL
0x00007fff2e490000 - 0x00007fff2e498000 	C:\WINDOWS\System32\NSI.dll
0x00007fff1e370000 - 0x00007fff1e387000 	C:\WINDOWS\SYSTEM32\dhcpcsvc6.DLL
0x00007fff1e7b0000 - 0x00007fff1e7cd000 	C:\WINDOWS\SYSTEM32\dhcpcsvc.DLL
0x00007fff2c3d0000 - 0x00007fff2c49a000 	C:\WINDOWS\SYSTEM32\DNSAPI.dll
0x00007fff22090000 - 0x00007fff2209b000 	C:\WINDOWS\SYSTEM32\WINNSI.DLL

VM Arguments:
jvm_args: -Xmx2048m -Dfile.encoding=UTF-8 -Duser.country=CN -Duser.language=zh -Duser.variant 
java_command: org.gradle.launcher.daemon.bootstrap.GradleDaemon 6.5
java_class_path (initial): C:\Users\Administrator\.gradle\wrapper\dists\gradle-6.5-all\2oz4ud9k3tuxjg84bbf55q0tn\gradle-6.5\lib\gradle-launcher-6.5.jar
Launcher Type: SUN_STANDARD

Environment Variables:
JAVA_HOME=C:\Program Files\Java\jdk-14.0.1
CLASSPATH=C:\Program Files\Java\jdk-14.0.1\lib;C:\Program Files\Java\jdk-14.0.1\lib\tools.jar;C:\Program Files\apache-tomcat-8.5.63\lib\servlet-api.jar;
PATH=D:\Python\Python37\Scripts\;D:\Python\Python37\;C:\Windows\system32;C:\Windows;C:\Windows\System32\Wbem;C:\Windows\System32\WindowsPowerShell\v1.0\;C:\Windows\System32\OpenSSH\;C:\Program Files (x86)\NVIDIA Corporation\PhysX\Common;C:\Program Files\NVIDIA Corporation\NVIDIA NvDLISR;D:\Python\Python37;C:\Program Files\dotnet\;C:\Program Files\Sublime Text 3;C:\Program Files\Java\jdk-14.0.1\bin;C:\Program Files\Java\jdk-14.0.1\bin;C:\Program Files\Java\jdk-14.0.1\jre\bin;C:\Program Files\Git\cmd;D:\mysql-8.0.21-winx64\mysql-8.0.21-winx64\bin;% ANDROID_SDK_HOME%\platform-tools;% ANDROID_SDK_HOME%\tools;C:\Program Files\apache-tomcat-8.5.63\bin;C:\Program Files\apache-tomcat-8.5.63\lib;C:\Program Files\mingw64\bin;C:\Program Files\nodejs\;C:\WINDOWS\system32;C:\WINDOWS;C:\WINDOWS\System32\Wbem;C:\WINDOWS\System32\WindowsPowerShell\v1.0\;C:\WINDOWS\System32\OpenSSH\;C:\Program Files\WireGuard\;C:\Program Files\PowerShell\7\;D:\android-sdk\platform-tools;C:\Program Files (x86)\Microsoft SQL Server\100\Tools\Binn\;C:\Program Files\Microsoft SQL Server\100\Tools\Binn\;C:\Program Files\Microsoft SQL Server\100\DTS\Binn\;C:\Users\Administrator\AppData\Local\Microsoft\WindowsApps;D:\JetBrains\PyCharm 2019.1.3\bin;C:\Program Files\Java\jdk-14.0.1\bin;"C:\Program Files\Java\jdk-14.0.1\bin;C:\Program Files\Java\jdk-14.0.1\jre\bin";D:\mysql-8.0.21-winx64\mysql-8.0.21-winx64\bin;% ANDROID_SDK_HOME%\platform-tools;% ANDROID_SDK_HOME%\tools;C:\Users\Administrator\AppData\Local\gitkraken\bin;D:\Programs\Microsoft VS Code\bin;C:\Users\Administrator\AppData\Roaming\npm;C:\Users\Administrator\AppData\Local\Microsoft\WindowsApps;D:\mingw64\bin;D:\android-sdk\platform-tools;D:\Tencent\QQGameTempest\Hall.57734\;i:\Program Files\JetBrains\PyCharm Community Edition 2021.3.2\bin;;i:\Program Files\JetBrains\PyCharm 2021.3.2\bin;
USERNAME=Zytau
OS=Windows_NT
PROCESSOR_IDENTIFIER=Intel64 Family 6 Model 158 Stepping 9, GenuineIntel



---------------  S Y S T E M  ---------------

OS: Windows 10.0 , 64 bit Build 19041 (10.0.19041.1566)

CPU:total 4 (initial active 4) (4 cores per cpu, 1 threads per core) family 6 model 158 stepping 9, cmov, cx8, fxsr, mmx, sse, sse2, sse3, ssse3, sse4.1, sse4.2, popcnt, avx, avx2, aes, clmul, erms, 3dnowpref, lzcnt, tsc, tscinvbit, bmi1, bmi2, adx

Memory: 4k page, physical 16640476k(3205840k free), swap 23405148k(3532k free)

vm_info: OpenJDK 64-Bit Server VM (25.242-b01) for windows-amd64 JRE (1.8.0_242-release-1644-b01), built by "builder" with MS VC++ 10.0 (VS2010)

time: Mon Apr 18 22:00:40 2022
timezone: 中国标准时间
elapsed time: 16 seconds (0d 0h 0m 16s)

