#
# There is insufficient memory for the Java Runtime Environment to continue.
# Native memory allocation (malloc) failed to allocate 1009456 bytes for Chunk::new
# Possible reasons:
#   The system is out of physical RAM or swap space
#   The process is running with CompressedOops enabled, and the Java Heap may be blocking the growth of the native heap
# Possible solutions:
#   Reduce memory load on the system
#   Increase physical memory or swap space
#   Check if swap backing store is full
#   Decrease Java heap size (-Xmx/-Xms)
#   Decrease number of Java threads
#   Decrease Java thread stack sizes (-Xss)
#   Set larger code cache with -XX:ReservedCodeCacheSize=
#   JVM is running with Unscaled Compressed Oops mode in which the Java heap is
#     placed in the first 4GB address space. The Java Heap base address is the
#     maximum limit for the native heap growth. Please use -XX:HeapBaseMinAddress
#     to set the Java Heap base and to place the Java Heap above 4GB virtual address.
# This output file may be truncated or incomplete.
#
#  Out of Memory Error (allocation.cpp:389), pid=5324, tid=0x000000000000489c
#
# JRE version: OpenJDK Runtime Environment (8.0_242-b01) (build 1.8.0_242-release-1644-b01)
# Java VM: OpenJDK 64-Bit Server VM (25.242-b01 mixed mode windows-amd64 compressed oops)
# Failed to write core dump. Minidumps are not enabled by default on client versions of Windows
#

---------------  T H R E A D  ---------------

Current thread (0x0000000017f70800):  JavaThread "C2 CompilerThread0" daemon [_thread_in_native, id=18588, stack(0x00000000198b0000,0x00000000199b0000)]

Stack: [0x00000000198b0000,0x00000000199b0000]
[error occurred during error reporting (printing stack bounds), id 0xc0000005]

Native frames: (J=compiled Java code, j=interpreted, Vv=VM code, C=native code)


Current CompileTask:
C2:  20001 5011   !   4       java.lang.reflect.Executable::sharedToGenericString (329 bytes)


---------------  P R O C E S S  ---------------

Java Threads: ( => current thread )
  0x000000001b142000 JavaThread "Cache worker for Build Output Cleanup Cache (I:\Android\raspberry_test\.gradle\buildOutputCleanup)" [_thread_blocked, id=10612, stack(0x00000000287c0000,0x00000000288c0000)]
  0x000000001b137800 JavaThread "jar transforms Thread 92" [_thread_blocked, id=8760, stack(0x00000000284c0000,0x00000000285c0000)]
  0x000000001b13d800 JavaThread "jar transforms Thread 91" [_thread_blocked, id=16556, stack(0x00000000283c0000,0x00000000284c0000)]
  0x000000001b13e800 JavaThread "jar transforms Thread 90" [_thread_blocked, id=19160, stack(0x00000000282c0000,0x00000000283c0000)]
  0x000000001b13b800 JavaThread "jar transforms Thread 89" [_thread_blocked, id=16440, stack(0x00000000281c0000,0x00000000282c0000)]
  0x000000001b13d000 JavaThread "jar transforms Thread 88" [_thread_blocked, id=6760, stack(0x0000000027fc0000,0x00000000280c0000)]
  0x000000001b13c000 JavaThread "jar transforms Thread 87" [_thread_blocked, id=18812, stack(0x0000000027ec0000,0x0000000027fc0000)]
  0x000000001b136000 JavaThread "jar transforms Thread 86" [_thread_blocked, id=9804, stack(0x0000000027dc0000,0x0000000027ec0000)]
  0x000000001b13a800 JavaThread "jar transforms Thread 85" [_thread_blocked, id=11616, stack(0x0000000027cc0000,0x0000000027dc0000)]
  0x000000001b134800 JavaThread "jar transforms Thread 84" [_thread_blocked, id=19048, stack(0x0000000027bc0000,0x0000000027cc0000)]
  0x000000001b137000 JavaThread "jar transforms Thread 83" [_thread_blocked, id=13060, stack(0x0000000027ac0000,0x0000000027bc0000)]
  0x000000001b133800 JavaThread "jar transforms Thread 82" [_thread_blocked, id=24532, stack(0x00000000279c0000,0x0000000027ac0000)]
  0x000000001b13a000 JavaThread "jar transforms Thread 81" [_thread_blocked, id=23824, stack(0x00000000278c0000,0x00000000279c0000)]
  0x000000001b139000 JavaThread "jar transforms Thread 80" [_thread_blocked, id=14592, stack(0x00000000277c0000,0x00000000278c0000)]
  0x000000001b135800 JavaThread "jar transforms Thread 79" [_thread_blocked, id=1212, stack(0x00000000276c0000,0x00000000277c0000)]
  0x000000001b138800 JavaThread "jar transforms Thread 78" [_thread_blocked, id=15700, stack(0x00000000275c0000,0x00000000276c0000)]
  0x000000001a7e8000 JavaThread "jar transforms Thread 77" [_thread_blocked, id=22848, stack(0x00000000274c0000,0x00000000275c0000)]
  0x000000001a7e5000 JavaThread "jar transforms Thread 76" [_thread_blocked, id=3728, stack(0x00000000273c0000,0x00000000274c0000)]
  0x000000001a7e4800 JavaThread "jar transforms Thread 75" [_thread_blocked, id=2336, stack(0x00000000272c0000,0x00000000273c0000)]
  0x000000001a7e9000 JavaThread "jar transforms Thread 74" [_thread_blocked, id=10420, stack(0x00000000271c0000,0x00000000272c0000)]
  0x000000001a7e7800 JavaThread "jar transforms Thread 73" [_thread_blocked, id=10204, stack(0x00000000270c0000,0x00000000271c0000)]
  0x000000001a7e3800 JavaThread "jar transforms Thread 72" [_thread_blocked, id=17328, stack(0x0000000026fc0000,0x00000000270c0000)]
  0x000000001a7e6800 JavaThread "jar transforms Thread 71" [_thread_blocked, id=2184, stack(0x0000000026ec0000,0x0000000026fc0000)]
  0x000000001a7e6000 JavaThread "jar transforms Thread 70" [_thread_blocked, id=22060, stack(0x0000000026dc0000,0x0000000026ec0000)]
  0x000000001a7dc000 JavaThread "jar transforms Thread 69" [_thread_blocked, id=14684, stack(0x0000000026cc0000,0x0000000026dc0000)]
  0x000000001a7e2000 JavaThread "jar transforms Thread 68" [_thread_blocked, id=15752, stack(0x0000000026bc0000,0x0000000026cc0000)]
  0x000000001a7e1800 JavaThread "jar transforms Thread 67" [_thread_blocked, id=10944, stack(0x0000000026ac0000,0x0000000026bc0000)]
  0x000000001a7e3000 JavaThread "jar transforms Thread 66" [_thread_blocked, id=9980, stack(0x00000000269c0000,0x0000000026ac0000)]
  0x000000001a7da000 JavaThread "jar transforms Thread 65" [_thread_blocked, id=24264, stack(0x00000000268c0000,0x00000000269c0000)]
  0x000000001a7e0800 JavaThread "jar transforms Thread 64" [_thread_blocked, id=11144, stack(0x00000000267c0000,0x00000000268c0000)]
  0x000000001a7dd800 JavaThread "jar transforms Thread 63" [_thread_blocked, id=23156, stack(0x00000000266c0000,0x00000000267c0000)]
  0x000000001a7da800 JavaThread "jar transforms Thread 62" [_thread_blocked, id=23512, stack(0x00000000265c0000,0x00000000266c0000)]
  0x000000001a7db800 JavaThread "jar transforms Thread 61" [_thread_blocked, id=21760, stack(0x00000000264c0000,0x00000000265c0000)]
  0x000000001a7e0000 JavaThread "jar transforms Thread 60" [_thread_blocked, id=7880, stack(0x00000000263c0000,0x00000000264c0000)]
  0x000000001a7df000 JavaThread "jar transforms Thread 59" [_thread_blocked, id=20224, stack(0x00000000262c0000,0x00000000263c0000)]
  0x000000001a7de800 JavaThread "jar transforms Thread 58" [_thread_blocked, id=3928, stack(0x00000000261c0000,0x00000000262c0000)]
  0x000000001a7dd000 JavaThread "jar transforms Thread 57" [_thread_blocked, id=23376, stack(0x00000000260c0000,0x00000000261c0000)]
  0x000000001a3d9000 JavaThread "jar transforms Thread 56" [_thread_blocked, id=3828, stack(0x0000000025fc0000,0x00000000260c0000)]
  0x000000001a3d4800 JavaThread "jar transforms Thread 55" [_thread_blocked, id=16316, stack(0x0000000025ec0000,0x0000000025fc0000)]
  0x000000001a3d8000 JavaThread "jar transforms Thread 54" [_thread_blocked, id=23920, stack(0x0000000025dc0000,0x0000000025ec0000)]
  0x000000001a3d9800 JavaThread "jar transforms Thread 53" [_thread_blocked, id=24084, stack(0x0000000025cc0000,0x0000000025dc0000)]
  0x000000001a3d6800 JavaThread "jar transforms Thread 52" [_thread_blocked, id=1704, stack(0x0000000025bc0000,0x0000000025cc0000)]
  0x000000001a3d7800 JavaThread "jar transforms Thread 51" [_thread_blocked, id=14796, stack(0x0000000025ac0000,0x0000000025bc0000)]
  0x000000001a3d5000 JavaThread "jar transforms Thread 50" [_thread_blocked, id=3236, stack(0x00000000259c0000,0x0000000025ac0000)]
  0x000000001a3db000 JavaThread "jar transforms Thread 49" [_thread_blocked, id=7388, stack(0x00000000258c0000,0x00000000259c0000)]
  0x000000001a3d6000 JavaThread "jar transforms Thread 48" [_thread_blocked, id=20476, stack(0x00000000257c0000,0x00000000258c0000)]
  0x000000001a3da800 JavaThread "jar transforms Thread 47" [_thread_blocked, id=19600, stack(0x00000000256c0000,0x00000000257c0000)]
  0x000000001a3ce800 JavaThread "jar transforms Thread 46" [_thread_blocked, id=16552, stack(0x00000000255c0000,0x00000000256c0000)]
  0x000000001a3cd000 JavaThread "jar transforms Thread 45" [_thread_blocked, id=10152, stack(0x00000000254c0000,0x00000000255c0000)]
  0x000000001a3d0000 JavaThread "jar transforms Thread 44" [_thread_blocked, id=9408, stack(0x00000000253c0000,0x00000000254c0000)]
  0x000000001a3d3800 JavaThread "jar transforms Thread 43" [_thread_blocked, id=19292, stack(0x00000000252c0000,0x00000000253c0000)]
  0x000000001a3cc000 JavaThread "jar transforms Thread 42" [_thread_blocked, id=21612, stack(0x00000000251c0000,0x00000000252c0000)]
  0x000000001a3cf000 JavaThread "jar transforms Thread 41" [_thread_blocked, id=18204, stack(0x00000000250c0000,0x00000000251c0000)]
  0x000000001a3d2000 JavaThread "jar transforms Thread 40" [_thread_blocked, id=23364, stack(0x0000000024fc0000,0x00000000250c0000)]
  0x000000001a3d1800 JavaThread "jar transforms Thread 39" [_thread_blocked, id=14056, stack(0x0000000024ec0000,0x0000000024fc0000)]
  0x000000001a3cd800 JavaThread "jar transforms Thread 38" [_thread_blocked, id=7748, stack(0x0000000024dc0000,0x0000000024ec0000)]
  0x000000001a3d3000 JavaThread "jar transforms Thread 37" [_thread_blocked, id=3648, stack(0x0000000024cc0000,0x0000000024dc0000)]
  0x000000001a3d0800 JavaThread "jar transforms Thread 36" [_thread_blocked, id=15080, stack(0x0000000024bc0000,0x0000000024cc0000)]
  0x000000001a382000 JavaThread "jar transforms Thread 35" [_thread_blocked, id=8836, stack(0x0000000024ac0000,0x0000000024bc0000)]
  0x000000001a381000 JavaThread "jar transforms Thread 34" [_thread_blocked, id=17096, stack(0x00000000249c0000,0x0000000024ac0000)]
  0x000000001a380800 JavaThread "jar transforms Thread 33" [_thread_blocked, id=7724, stack(0x00000000248c0000,0x00000000249c0000)]
  0x000000001a379000 JavaThread "jar transforms Thread 32" [_thread_blocked, id=4700, stack(0x00000000247c0000,0x00000000248c0000)]
  0x000000001a37f800 JavaThread "jar transforms Thread 31" [_thread_blocked, id=20044, stack(0x00000000246c0000,0x00000000247c0000)]
  0x000000001a378000 JavaThread "jar transforms Thread 30" [_thread_blocked, id=760, stack(0x00000000245c0000,0x00000000246c0000)]
  0x000000001a37e000 JavaThread "jar transforms Thread 29" [_thread_blocked, id=23388, stack(0x00000000244c0000,0x00000000245c0000)]
  0x000000001a37f000 JavaThread "jar transforms Thread 28" [_thread_blocked, id=22376, stack(0x00000000243c0000,0x00000000244c0000)]
  0x000000001a37d800 JavaThread "jar transforms Thread 27" [_thread_blocked, id=12400, stack(0x00000000242c0000,0x00000000243c0000)]
  0x000000001a376000 JavaThread "jar transforms Thread 26" [_thread_blocked, id=11836, stack(0x00000000241c0000,0x00000000242c0000)]
  0x000000001a37c800 JavaThread "jar transforms Thread 25" [_thread_blocked, id=23656, stack(0x00000000240c0000,0x00000000241c0000)]
  0x000000001a37c000 JavaThread "jar transforms Thread 24" [_thread_blocked, id=19168, stack(0x0000000023fc0000,0x00000000240c0000)]
  0x000000001a376800 JavaThread "jar transforms Thread 23" [_thread_blocked, id=17052, stack(0x0000000023ec0000,0x0000000023fc0000)]
  0x000000001a374800 JavaThread "jar transforms Thread 22" [_thread_blocked, id=12112, stack(0x0000000023dc0000,0x0000000023ec0000)]
  0x000000001a377800 JavaThread "jar transforms Thread 21" [_thread_blocked, id=9104, stack(0x0000000023cc0000,0x0000000023dc0000)]
  0x000000001a375000 JavaThread "jar transforms Thread 20" [_thread_blocked, id=7220, stack(0x0000000023bc0000,0x0000000023cc0000)]
  0x000000001a37b000 JavaThread "jar transforms Thread 19" [_thread_blocked, id=15444, stack(0x0000000023ac0000,0x0000000023bc0000)]
  0x000000001a37a800 JavaThread "jar transforms Thread 18" [_thread_blocked, id=2772, stack(0x00000000239c0000,0x0000000023ac0000)]
  0x000000001a373000 JavaThread "jar transforms Thread 17" [_thread_blocked, id=24484, stack(0x00000000238c0000,0x00000000239c0000)]
  0x000000001a373800 JavaThread "jar transforms Thread 16" [_thread_blocked, id=23544, stack(0x00000000237c0000,0x00000000238c0000)]
  0x000000001a379800 JavaThread "jar transforms Thread 15" [_thread_blocked, id=22872, stack(0x00000000236c0000,0x00000000237c0000)]
  0x000000001f0da000 JavaThread "jar transforms Thread 14" [_thread_blocked, id=21220, stack(0x00000000235c0000,0x00000000236c0000)]
  0x000000001f0d9800 JavaThread "jar transforms Thread 13" [_thread_blocked, id=1892, stack(0x00000000234c0000,0x00000000235c0000)]
  0x000000001f0d8800 JavaThread "jar transforms Thread 12" [_thread_blocked, id=23456, stack(0x00000000233c0000,0x00000000234c0000)]
  0x000000001f0d7000 JavaThread "jar transforms Thread 11" [_thread_blocked, id=19504, stack(0x00000000232c0000,0x00000000233c0000)]
  0x000000001f0d8000 JavaThread "jar transforms Thread 10" [_thread_blocked, id=16884, stack(0x00000000231c0000,0x00000000232c0000)]
  0x000000001f0d1000 JavaThread "jar transforms Thread 9" [_thread_blocked, id=12608, stack(0x00000000230c0000,0x00000000231c0000)]
  0x000000001f0d6800 JavaThread "jar transforms Thread 8" [_thread_blocked, id=12456, stack(0x0000000022fc0000,0x00000000230c0000)]
  0x000000001f0d5000 JavaThread "jar transforms Thread 7" [_thread_blocked, id=21840, stack(0x0000000022ec0000,0x0000000022fc0000)]
  0x000000001f0d5800 JavaThread "jar transforms Thread 6" [_thread_blocked, id=21380, stack(0x0000000022dc0000,0x0000000022ec0000)]
  0x000000001f0d4000 JavaThread "jar transforms Thread 5" [_thread_blocked, id=24288, stack(0x0000000022cc0000,0x0000000022dc0000)]
  0x000000001f0d3800 JavaThread "jar transforms Thread 4" [_thread_blocked, id=15536, stack(0x0000000022bc0000,0x0000000022cc0000)]
  0x000000001f0d0800 JavaThread "jar transforms Thread 3" [_thread_blocked, id=9932, stack(0x0000000022ac0000,0x0000000022bc0000)]
  0x000000001f0cc000 JavaThread "jar transforms Thread 2" [_thread_blocked, id=23636, stack(0x00000000229c0000,0x0000000022ac0000)]
  0x000000001f0cc800 JavaThread "Build operations Thread 4" [_thread_blocked, id=14372, stack(0x00000000228c0000,0x00000000229c0000)]
  0x000000001f0ce000 JavaThread "Build operations Thread 3" [_thread_blocked, id=19484, stack(0x00000000227c0000,0x00000000228c0000)]
  0x000000001f0d2000 JavaThread "Build operations Thread 2" [_thread_blocked, id=896, stack(0x00000000226c0000,0x00000000227c0000)]
  0x000000001f0d2800 JavaThread "Build operations" [_thread_blocked, id=14036, stack(0x0000000022300000,0x0000000022400000)]
  0x0000000019efc800 JavaThread "Cache worker for file content cache (C:\Users\Administrator\.gradle\caches\6.5\fileContent)" [_thread_blocked, id=776, stack(0x0000000021e00000,0x0000000021f00000)]
  0x0000000019efe800 JavaThread "jar transforms" [_thread_blocked, id=17864, stack(0x0000000021d00000,0x0000000021e00000)]
  0x0000000019efb800 JavaThread "Cache worker for execution history cache (C:\Users\Administrator\.gradle\caches\6.5\executionHistory)" [_thread_blocked, id=11184, stack(0x0000000021600000,0x0000000021700000)]
  0x0000000019ef9800 JavaThread "Cache worker for cache directory md-rule (C:\Users\Administrator\.gradle\caches\6.5\md-rule)" [_thread_blocked, id=24324, stack(0x0000000021500000,0x0000000021600000)]
  0x0000000019efe000 JavaThread "Cache worker for cache directory md-supplier (C:\Users\Administrator\.gradle\caches\6.5\md-supplier)" [_thread_blocked, id=22188, stack(0x0000000021400000,0x0000000021500000)]
  0x0000000019efb000 JavaThread "Cache worker for checksums cache (I:\Android\raspberry_test\.gradle\checksums)" [_thread_blocked, id=24004, stack(0x00000000200a0000,0x00000000201a0000)]
  0x0000000019efa000 JavaThread "Cache worker for file hash cache (I:\Android\raspberry_test\.gradle\6.5\fileHashes)" [_thread_blocked, id=10684, stack(0x000000001fda0000,0x000000001fea0000)]
  0x0000000019eff800 JavaThread "Cache worker for file hash cache (C:\Users\Administrator\.gradle\caches\6.5\fileHashes)" [_thread_blocked, id=9200, stack(0x000000001db00000,0x000000001dc00000)]
  0x0000000019f00000 JavaThread "File lock request listener" [_thread_in_native, id=22036, stack(0x000000001da00000,0x000000001db00000)]
  0x000000001af58000 JavaThread "Cache worker for journal cache (C:\Users\Administrator\.gradle\caches\journal-1)" [_thread_blocked, id=18236, stack(0x000000001d800000,0x000000001d900000)]
  0x000000001aa3f000 JavaThread "Thread-9" [_thread_blocked, id=928, stack(0x000000001d500000,0x000000001d600000)]
  0x000000001aa3b000 JavaThread "Stdin handler" [_thread_blocked, id=6576, stack(0x000000001d400000,0x000000001d500000)]
  0x000000001ab38000 JavaThread "Asynchronous log dispatcher for DefaultDaemonConnection: socket connection from /127.0.0.1:1769 to /127.0.0.1:1771" [_thread_blocked, id=17224, stack(0x000000001d300000,0x000000001d400000)]
  0x000000001ab35000 JavaThread "Daemon worker" [_thread_in_vm, id=11340, stack(0x000000001d200000,0x000000001d300000)]
  0x000000001ab2b000 JavaThread "Cancel handler" [_thread_blocked, id=17388, stack(0x000000001d100000,0x000000001d200000)]
  0x000000001a57a000 JavaThread "Handler for socket connection from /127.0.0.1:1769 to /127.0.0.1:1771" [_thread_in_native, id=19784, stack(0x000000001d000000,0x000000001d100000)]
  0x000000001a594800 JavaThread "Daemon" [_thread_blocked, id=18584, stack(0x000000001cf00000,0x000000001d000000)]
  0x000000001a577000 JavaThread "Daemon periodic checks" [_thread_blocked, id=11012, stack(0x000000001ce00000,0x000000001cf00000)]
  0x000000001a570000 JavaThread "Incoming local TCP Connector on port 1769" [_thread_in_native, id=12476, stack(0x000000001ca50000,0x000000001cb50000)]
  0x000000001b93b800 JavaThread "Daemon health stats" [_thread_blocked, id=19308, stack(0x000000001c750000,0x000000001c850000)]
  0x000000001932a800 JavaThread "Service Thread" daemon [_thread_blocked, id=3696, stack(0x0000000019bb0000,0x0000000019cb0000)]
  0x00000000192c1800 JavaThread "C1 CompilerThread2" daemon [_thread_blocked, id=9444, stack(0x0000000019ab0000,0x0000000019bb0000)]
  0x00000000192be800 JavaThread "C2 CompilerThread1" daemon [_thread_in_native, id=12628, stack(0x00000000199b0000,0x0000000019ab0000)]
=>0x0000000017f70800 JavaThread "C2 CompilerThread0" daemon [_thread_in_native, id=18588, stack(0x00000000198b0000,0x00000000199b0000)]
  0x0000000017f6f000 JavaThread "Attach Listener" daemon [_thread_blocked, id=6936, stack(0x00000000197b0000,0x00000000198b0000)]
  0x0000000017fbe800 JavaThread "Signal Dispatcher" daemon [_thread_blocked, id=14480, stack(0x00000000196b0000,0x00000000197b0000)]
  0x000000000333e000 JavaThread "Finalizer" daemon [_thread_blocked, id=4284, stack(0x00000000191b0000,0x00000000192b0000)]
  0x0000000017f49000 JavaThread "Reference Handler" daemon [_thread_blocked, id=21624, stack(0x00000000190b0000,0x00000000191b0000)]
  0x0000000003242800 JavaThread "main" [_thread_blocked, id=12776, stack(0x0000000003080000,0x0000000003180000)]

Other Threads:
  0x0000000017f26000 VMThread [stack: 0x0000000018fb0000,0x00000000190b0000] [id=17668]
  0x000000001933b000 WatcherThread [stack: 0x0000000019cb0000,0x0000000019db0000] [id=17100]

VM state:not at safepoint (normal execution)

VM Mutex/Monitor currently owned by a thread: None

heap address: 0x0000000080000000, size: 2048 MB, Compressed Oops mode: 32-bit
Narrow klass base: 0x0000000000000000, Narrow klass shift: 3
Compressed class space size: 1073741824 Address: 0x0000000100000000

Heap:
 PSYoungGen      total 133120K, used 82338K [0x00000000d5580000, 0x00000000e1000000, 0x0000000100000000)
  eden space 121344K, 58% used [0x00000000d5580000,0x00000000d9a695b8,0x00000000dcc00000)
  from space 11776K, 99% used [0x00000000dcc00000,0x00000000dd77f320,0x00000000dd780000)
  to   space 15872K, 0% used [0x00000000e0080000,0x00000000e0080000,0x00000000e1000000)
 ParOldGen       total 118272K, used 23153K [0x0000000080000000, 0x0000000087380000, 0x00000000d5580000)
  object space 118272K, 19% used [0x0000000080000000,0x000000008169c6d0,0x0000000087380000)
 Metaspace       used 55776K, capacity 58084K, committed 58328K, reserved 1099776K
  class space    used 7598K, capacity 8095K, committed 8192K, reserved 1048576K

Card table byte_map: [0x0000000012700000,0x0000000012b10000] byte_map_base: 0x0000000012300000

Marking Bits: (ParMarkBitMap*) 0x00000000732cf030
 Begin Bits: [0x00000000131c0000, 0x00000000151c0000)
 End Bits:   [0x00000000151c0000, 0x00000000171c0000)

Polling page: 0x0000000002c60000

CodeCache: size=245760Kb used=15935Kb max_used=15935Kb free=229824Kb
 bounds [0x0000000003340000, 0x00000000042e0000, 0x0000000012340000]
 total_blobs=5403 nmethods=4635 adapters=681
 compilation: enabled

Compilation events (10 events):
Event: 19.988 Thread 0x00000000192c1800 5054       3       org.gradle.internal.instantiation.generator.AsmBackedClassGenerator$ClassBuilderImpl::addSetter (50 bytes)
Event: 19.988 Thread 0x00000000192c1800 nmethod 5054 0x00000000042d1010 code [0x00000000042d11c0, 0x00000000042d17d8]
Event: 19.992 Thread 0x00000000192c1800 5055       3       org.gradle.api.internal.file.DefaultFilePropertyFactory::newDirectoryProperty (20 bytes)
Event: 19.992 Thread 0x00000000192c1800 nmethod 5055 0x00000000042d19d0 code [0x00000000042d1bc0, 0x00000000042d25d8]
Event: 19.992 Thread 0x00000000192c1800 5056       3       org.gradle.api.internal.file.DefaultFilePropertyFactory$DefaultDirectoryVar::<init> (18 bytes)
Event: 19.993 Thread 0x00000000192c1800 nmethod 5056 0x00000000042d2e10 code [0x00000000042d3000, 0x00000000042d3958]
Event: 19.995 Thread 0x00000000192c1800 5057       3       java.util.regex.Pattern$Ctype::<init> (11 bytes)
Event: 19.995 Thread 0x00000000192c1800 nmethod 5057 0x00000000042d4050 code [0x00000000042d41e0, 0x00000000042d4590]
Event: 19.999 Thread 0x00000000192c1800 5058       3       org.gradle.api.internal.DefaultNamedDomainObjectCollection$AbstractDomainObjectCreatingProvider::getType (5 bytes)
Event: 19.999 Thread 0x00000000192c1800 nmethod 5058 0x00000000042d47d0 code [0x00000000042d4920, 0x00000000042d4a90]

GC Heap History (10 events):
Event: 15.690 GC heap before
{Heap before GC invocations=7 (full 1):
 PSYoungGen      total 75776K, used 73066K [0x00000000d5580000, 0x00000000de480000, 0x0000000100000000)
  eden space 65024K, 100% used [0x00000000d5580000,0x00000000d9500000,0x00000000d9500000)
  from space 10752K, 74% used [0x00000000d9500000,0x00000000d9cda830,0x00000000d9f80000)
  to   space 12288K, 0% used [0x00000000dd880000,0x00000000dd880000,0x00000000de480000)
 ParOldGen       total 80896K, used 7475K [0x0000000080000000, 0x0000000084f00000, 0x00000000d5580000)
  object space 80896K, 9% used [0x0000000080000000,0x000000008074ce30,0x0000000084f00000)
 Metaspace       used 32753K, capacity 33846K, committed 33920K, reserved 1079296K
  class space    used 4444K, capacity 4723K, committed 4736K, reserved 1048576K
Event: 15.702 GC heap after
Heap after GC invocations=7 (full 1):
 PSYoungGen      total 132096K, used 9294K [0x00000000d5580000, 0x00000000de300000, 0x0000000100000000)
  eden space 121344K, 0% used [0x00000000d5580000,0x00000000d5580000,0x00000000dcc00000)
  from space 10752K, 86% used [0x00000000dd880000,0x00000000de1938c0,0x00000000de300000)
  to   space 11776K, 0% used [0x00000000dcc00000,0x00000000dcc00000,0x00000000dd780000)
 ParOldGen       total 80896K, used 7483K [0x0000000080000000, 0x0000000084f00000, 0x00000000d5580000)
  object space 80896K, 9% used [0x0000000080000000,0x000000008074ee30,0x0000000084f00000)
 Metaspace       used 32753K, capacity 33846K, committed 33920K, reserved 1079296K
  class space    used 4444K, capacity 4723K, committed 4736K, reserved 1048576K
}
Event: 16.050 GC heap before
{Heap before GC invocations=8 (full 1):
 PSYoungGen      total 132096K, used 39451K [0x00000000d5580000, 0x00000000de300000, 0x0000000100000000)
  eden space 121344K, 24% used [0x00000000d5580000,0x00000000d72f34b0,0x00000000dcc00000)
  from space 10752K, 86% used [0x00000000dd880000,0x00000000de1938c0,0x00000000de300000)
  to   space 11776K, 0% used [0x00000000dcc00000,0x00000000dcc00000,0x00000000dd780000)
 ParOldGen       total 80896K, used 7483K [0x0000000080000000, 0x0000000084f00000, 0x00000000d5580000)
  object space 80896K, 9% used [0x0000000080000000,0x000000008074ee30,0x0000000084f00000)
 Metaspace       used 34218K, capacity 35368K, committed 35416K, reserved 1079296K
  class space    used 4685K, capacity 4945K, committed 4992K, reserved 1048576K
Event: 16.065 GC heap after
Heap after GC invocations=8 (full 1):
 PSYoungGen      total 133120K, used 8038K [0x00000000d5580000, 0x00000000de300000, 0x0000000100000000)
  eden space 121344K, 0% used [0x00000000d5580000,0x00000000d5580000,0x00000000dcc00000)
  from space 11776K, 68% used [0x00000000dcc00000,0x00000000dd3d9b38,0x00000000dd780000)
  to   space 10752K, 0% used [0x00000000dd880000,0x00000000dd880000,0x00000000de300000)
 ParOldGen       total 80896K, used 7491K [0x0000000080000000, 0x0000000084f00000, 0x00000000d5580000)
  object space 80896K, 9% used [0x0000000080000000,0x0000000080750e30,0x0000000084f00000)
 Metaspace       used 34218K, capacity 35368K, committed 35416K, reserved 1079296K
  class space    used 4685K, capacity 4945K, committed 4992K, reserved 1048576K
}
Event: 16.065 GC heap before
{Heap before GC invocations=9 (full 2):
 PSYoungGen      total 133120K, used 8038K [0x00000000d5580000, 0x00000000de300000, 0x0000000100000000)
  eden space 121344K, 0% used [0x00000000d5580000,0x00000000d5580000,0x00000000dcc00000)
  from space 11776K, 68% used [0x00000000dcc00000,0x00000000dd3d9b38,0x00000000dd780000)
  to   space 10752K, 0% used [0x00000000dd880000,0x00000000dd880000,0x00000000de300000)
 ParOldGen       total 80896K, used 7491K [0x0000000080000000, 0x0000000084f00000, 0x00000000d5580000)
  object space 80896K, 9% used [0x0000000080000000,0x0000000080750e30,0x0000000084f00000)
 Metaspace       used 34218K, capacity 35368K, committed 35416K, reserved 1079296K
  class space    used 4685K, capacity 4945K, committed 4992K, reserved 1048576K
Event: 16.120 GC heap after
Heap after GC invocations=9 (full 2):
 PSYoungGen      total 133120K, used 0K [0x00000000d5580000, 0x00000000de300000, 0x0000000100000000)
  eden space 121344K, 0% used [0x00000000d5580000,0x00000000d5580000,0x00000000dcc00000)
  from space 11776K, 0% used [0x00000000dcc00000,0x00000000dcc00000,0x00000000dd780000)
  to   space 10752K, 0% used [0x00000000dd880000,0x00000000dd880000,0x00000000de300000)
 ParOldGen       total 118272K, used 14750K [0x0000000080000000, 0x0000000087380000, 0x00000000d5580000)
  object space 118272K, 12% used [0x0000000080000000,0x0000000080e67a50,0x0000000087380000)
 Metaspace       used 34218K, capacity 35368K, committed 35416K, reserved 1079296K
  class space    used 4685K, capacity 4945K, committed 4992K, reserved 1048576K
}
Event: 16.839 GC heap before
{Heap before GC invocations=10 (full 2):
 PSYoungGen      total 133120K, used 121344K [0x00000000d5580000, 0x00000000de300000, 0x0000000100000000)
  eden space 121344K, 100% used [0x00000000d5580000,0x00000000dcc00000,0x00000000dcc00000)
  from space 11776K, 0% used [0x00000000dcc00000,0x00000000dcc00000,0x00000000dd780000)
  to   space 10752K, 0% used [0x00000000dd880000,0x00000000dd880000,0x00000000de300000)
 ParOldGen       total 118272K, used 14750K [0x0000000080000000, 0x0000000087380000, 0x00000000d5580000)
  object space 118272K, 12% used [0x0000000080000000,0x0000000080e67a50,0x0000000087380000)
 Metaspace       used 37400K, capacity 39058K, committed 39384K, reserved 1083392K
  class space    used 5145K, capacity 5517K, committed 5632K, reserved 1048576K
Event: 16.852 GC heap after
Heap after GC invocations=10 (full 2):
 PSYoungGen      total 132096K, used 7555K [0x00000000d5580000, 0x00000000de300000, 0x0000000100000000)
  eden space 121344K, 0% used [0x00000000d5580000,0x00000000d5580000,0x00000000dcc00000)
  from space 10752K, 70% used [0x00000000dd880000,0x00000000ddfe0f58,0x00000000de300000)
  to   space 11776K, 0% used [0x00000000dcc00000,0x00000000dcc00000,0x00000000dd780000)
 ParOldGen       total 118272K, used 14758K [0x0000000080000000, 0x0000000087380000, 0x00000000d5580000)
  object space 118272K, 12% used [0x0000000080000000,0x0000000080e69a50,0x0000000087380000)
 Metaspace       used 37400K, capacity 39058K, committed 39384K, reserved 1083392K
  class space    used 5145K, capacity 5517K, committed 5632K, reserved 1048576K
}
Event: 19.037 GC heap before
{Heap before GC invocations=11 (full 2):
 PSYoungGen      total 132096K, used 128899K [0x00000000d5580000, 0x00000000de300000, 0x0000000100000000)
  eden space 121344K, 100% used [0x00000000d5580000,0x00000000dcc00000,0x00000000dcc00000)
  from space 10752K, 70% used [0x00000000dd880000,0x00000000ddfe0f58,0x00000000de300000)
  to   space 11776K, 0% used [0x00000000dcc00000,0x00000000dcc00000,0x00000000dd780000)
 ParOldGen       total 118272K, used 14758K [0x0000000080000000, 0x0000000087380000, 0x00000000d5580000)
  object space 118272K, 12% used [0x0000000080000000,0x0000000080e69a50,0x0000000087380000)
 Metaspace       used 50602K, capacity 52524K, committed 52824K, reserved 1095680K
  class space    used 6751K, capacity 7180K, committed 7296K, reserved 1048576K
Event: 19.052 GC heap after
Heap after GC invocations=11 (full 2):
 PSYoungGen      total 133120K, used 11772K [0x00000000d5580000, 0x00000000e1000000, 0x0000000100000000)
  eden space 121344K, 0% used [0x00000000d5580000,0x00000000d5580000,0x00000000dcc00000)
  from space 11776K, 99% used [0x00000000dcc00000,0x00000000dd77f320,0x00000000dd780000)
  to   space 15872K, 0% used [0x00000000e0080000,0x00000000e0080000,0x00000000e1000000)
 ParOldGen       total 118272K, used 23153K [0x0000000080000000, 0x0000000087380000, 0x00000000d5580000)
  object space 118272K, 19% used [0x0000000080000000,0x000000008169c6d0,0x0000000087380000)
 Metaspace       used 50602K, capacity 52524K, committed 52824K, reserved 1095680K
  class space    used 6751K, capacity 7180K, committed 7296K, reserved 1048576K
}

Deoptimization events (10 events):
Event: 18.536 Thread 0x000000001ab35000 Uncommon trap: reason=unstable_if action=reinterpret pc=0x0000000003cf77a8 method=org.gradle.internal.reflect.PropertyAccessorType.of(Ljava/lang/reflect/Method;)Lorg/gradle/internal/reflect/PropertyAccessorType; @ 56
Event: 18.719 Thread 0x000000001ab35000 Uncommon trap: reason=unstable_if action=reinterpret pc=0x00000000040ea9d8 method=com.google.gson.stream.JsonReader.doPeek()I @ 315
Event: 18.953 Thread 0x000000001ab35000 Uncommon trap: reason=unstable_if action=reinterpret pc=0x0000000004149f74 method=com.sun.org.apache.xerces.internal.impl.XMLEntityScanner.checkBeforeLoad(Lcom/sun/xml/internal/stream/Entity$ScannedEntity;II)I @ 18
Event: 19.013 Thread 0x000000001ab35000 Uncommon trap: reason=unstable_if action=reinterpret pc=0x0000000003f8b7b0 method=org.gradle.internal.instantiation.generator.AbstractClassGenerator$InjectionAnnotationValidator.validateMethod(Ljava/lang/reflect/Method;Lorg/gradle/internal/reflect/Propert
Event: 19.013 Thread 0x000000001ab35000 Uncommon trap: reason=unstable_if action=reinterpret pc=0x0000000003fa3204 method=org.gradle.internal.instantiation.generator.AbstractClassGenerator$InjectionAnnotationValidator.validateMethod(Ljava/lang/reflect/Method;Lorg/gradle/internal/reflect/Propert
Event: 19.086 Thread 0x000000001ab35000 Uncommon trap: reason=null_check action=make_not_entrant pc=0x0000000003458e50 method=java.lang.Class.searchMethods([Ljava/lang/reflect/Method;Ljava/lang/String;[Ljava/lang/Class;)Ljava/lang/reflect/Method; @ 59
Event: 19.594 Thread 0x000000001ab35000 Uncommon trap: reason=unstable_if action=reinterpret pc=0x0000000004091f10 method=java.security.CodeSource.hashCode()I @ 4
Event: 19.594 Thread 0x000000001ab35000 Uncommon trap: reason=unstable_if action=reinterpret pc=0x000000000404388c method=java.security.CodeSource.hashCode()I @ 4
Event: 19.973 Thread 0x000000001ab35000 Uncommon trap: reason=unstable_if action=reinterpret pc=0x0000000003d5a1c0 method=java.io.WinNTFileSystem.normalize(Ljava/lang/String;)Ljava/lang/String; @ 74
Event: 19.973 Thread 0x000000001ab35000 Uncommon trap: reason=unstable_if action=reinterpret pc=0x00000000038d52ac method=java.io.WinNTFileSystem.normalize(Ljava/lang/String;II)Ljava/lang/String; @ 103

Classes redefined (0 events):
No events

Internal exceptions (10 events):
Event: 19.150 Thread 0x000000001ab35000 Exception <a 'java/lang/ClassNotFoundException': com/android/build/gradle/internal/CompileOptionsCustomizer> (0x00000000d69c9dd8) thrown at [C:\src\AOSP-openjdk-git\hotspot\src\share\vm\classfile\systemDictionary.cpp, line 210]
Event: 19.151 Thread 0x000000001ab35000 Exception <a 'java/lang/ClassNotFoundException': com/android/build/gradle/internal/CompileOptions_DecoratedCustomizer> (0x00000000d69fa9f8) thrown at [C:\src\AOSP-openjdk-git\hotspot\src\share\vm\classfile\systemDictionary.cpp, line 210]
Event: 19.592 Thread 0x000000001ab35000 Implicit null exception at 0x000000000408fb75 to 0x0000000004091ee5
Event: 19.594 Thread 0x000000001ab35000 Implicit null exception at 0x0000000004043595 to 0x000000000404387d
Event: 19.879 Thread 0x000000001ab35000 Exception <a 'java/lang/ClassNotFoundException': com/android/build/gradle/internal/api/ApkVariantOutputImpl_DecoratedBeanInfo> (0x00000000d916c348) thrown at [C:\src\AOSP-openjdk-git\hotspot\src\share\vm\classfile\systemDictionary.cpp, line 210]
Event: 19.880 Thread 0x000000001ab35000 Exception <a 'java/lang/ClassNotFoundException': com/android/build/gradle/internal/api/ApkVariantOutputImplBeanInfo> (0x00000000d9189578) thrown at [C:\src\AOSP-openjdk-git\hotspot\src\share\vm\classfile\systemDictionary.cpp, line 210]
Event: 19.880 Thread 0x000000001ab35000 Exception <a 'java/lang/ClassNotFoundException': com/android/build/gradle/internal/api/BaseVariantOutputImplBeanInfo> (0x00000000d91a79b0) thrown at [C:\src\AOSP-openjdk-git\hotspot\src\share\vm\classfile\systemDictionary.cpp, line 210]
Event: 19.880 Thread 0x000000001ab35000 Exception <a 'java/lang/ClassNotFoundException': com/android/build/gradle/internal/api/BaseVariantOutputImplCustomizer> (0x00000000d91c6348) thrown at [C:\src\AOSP-openjdk-git\hotspot\src\share\vm\classfile\systemDictionary.cpp, line 210]
Event: 19.881 Thread 0x000000001ab35000 Exception <a 'java/lang/ClassNotFoundException': com/android/build/gradle/internal/api/ApkVariantOutputImplCustomizer> (0x00000000d91feaf0) thrown at [C:\src\AOSP-openjdk-git\hotspot\src\share\vm\classfile\systemDictionary.cpp, line 210]
Event: 19.882 Thread 0x000000001ab35000 Exception <a 'java/lang/ClassNotFoundException': com/android/build/gradle/internal/api/ApkVariantOutputImpl_DecoratedCustomizer> (0x00000000d9232890) thrown at [C:\src\AOSP-openjdk-git\hotspot\src\share\vm\classfile\systemDictionary.cpp, line 210]

Events (10 events):
Event: 19.997 loading class org/gradle/cli/CommandLineParser$AfterFirstSubCommand
Event: 19.997 loading class org/gradle/cli/CommandLineParser$AfterFirstSubCommand done
Event: 19.997 loading class org/gradle/cli/CommandLineParser$OptionParserState
Event: 19.997 loading class org/gradle/cli/CommandLineParser$OptionParserState done
Event: 19.998 loading class org/gradle/cli/CommandLineParser$UnknownOptionParserState
Event: 19.998 loading class org/gradle/cli/CommandLineParser$UnknownOptionParserState done
Event: 19.998 loading class org/gradle/cli/CommandLineParser$KnownOptionParserState
Event: 19.998 loading class org/gradle/cli/CommandLineParser$KnownOptionParserState done
Event: 19.998 loading class java/util/regex/Pattern$All
Event: 19.998 loading class java/util/regex/Pattern$All done


Dynamic libraries:
0x00007ff6e0520000 - 0x00007ff6e0551000 	D:\Android\jre\bin\java.exe
0x00007fff2f830000 - 0x00007fff2fa25000 	C:\WINDOWS\SYSTEM32\ntdll.dll
0x00007fff2e3d0000 - 0x00007fff2e48e000 	C:\WINDOWS\System32\KERNEL32.DLL
0x00007fff2d3b0000 - 0x00007fff2d678000 	C:\WINDOWS\System32\KERNELBASE.dll
0x00007fff2e4a0000 - 0x00007fff2e54e000 	C:\WINDOWS\System32\ADVAPI32.dll
0x00007fff2f600000 - 0x00007fff2f69e000 	C:\WINDOWS\System32\msvcrt.dll
0x00007fff2f3c0000 - 0x00007fff2f45c000 	C:\WINDOWS\System32\sechost.dll
0x00007fff2ee20000 - 0x00007fff2ef45000 	C:\WINDOWS\System32\RPCRT4.dll
0x00007fff2f460000 - 0x00007fff2f600000 	C:\WINDOWS\System32\USER32.dll
0x00007fff2d680000 - 0x00007fff2d6a2000 	C:\WINDOWS\System32\win32u.dll
0x00007fff2ec10000 - 0x00007fff2ec3b000 	C:\WINDOWS\System32\GDI32.dll
0x00007fff2d2a0000 - 0x00007fff2d3ab000 	C:\WINDOWS\System32\gdi32full.dll
0x00007fff2d200000 - 0x00007fff2d29d000 	C:\WINDOWS\System32\msvcp_win.dll
0x00007fff2d100000 - 0x00007fff2d200000 	C:\WINDOWS\System32\ucrtbase.dll
0x00007fff17750000 - 0x00007fff179ea000 	C:\WINDOWS\WinSxS\amd64_microsoft.windows.common-controls_6595b64144ccf1df_6.0.19041.1110_none_60b5254171f9507e\COMCTL32.dll
0x00007fff2edf0000 - 0x00007fff2ee20000 	C:\WINDOWS\System32\IMM32.DLL
0x0000000071fc0000 - 0x0000000072092000 	D:\Android\jre\jre\bin\msvcr100.dll
0x0000000072b00000 - 0x000000007334b000 	D:\Android\jre\jre\bin\server\jvm.dll
0x00007fff2e0f0000 - 0x00007fff2e0f8000 	C:\WINDOWS\System32\PSAPI.DLL
0x00007fff168f0000 - 0x00007fff16917000 	C:\WINDOWS\SYSTEM32\WINMM.dll
0x00007fff1b700000 - 0x00007fff1b709000 	C:\WINDOWS\SYSTEM32\WSOCK32.dll
0x00007fff2f780000 - 0x00007fff2f7eb000 	C:\WINDOWS\System32\WS2_32.dll
0x00007fff244d0000 - 0x00007fff244da000 	C:\WINDOWS\SYSTEM32\VERSION.dll
0x00007fff27ec0000 - 0x00007fff27ecf000 	D:\Android\jre\jre\bin\verify.dll
0x00007fff1b7b0000 - 0x00007fff1b7d9000 	D:\Android\jre\jre\bin\java.dll
0x00007fff26ab0000 - 0x00007fff26ac6000 	D:\Android\jre\jre\bin\zip.dll
0x00007fff2d9a0000 - 0x00007fff2e0e4000 	C:\WINDOWS\System32\SHELL32.dll
0x00007fff2ad70000 - 0x00007fff2b504000 	C:\WINDOWS\SYSTEM32\windows.storage.dll
0x00007fff2e710000 - 0x00007fff2ea64000 	C:\WINDOWS\System32\combase.dll
0x00007fff2c9b0000 - 0x00007fff2c9dc000 	C:\WINDOWS\SYSTEM32\Wldp.dll
0x00007fff2d890000 - 0x00007fff2d93d000 	C:\WINDOWS\System32\SHCORE.dll
0x00007fff2e370000 - 0x00007fff2e3c5000 	C:\WINDOWS\System32\shlwapi.dll
0x00007fff2ce90000 - 0x00007fff2ceaf000 	C:\WINDOWS\SYSTEM32\profapi.dll
0x00007fff251c0000 - 0x00007fff251da000 	D:\Android\jre\jre\bin\net.dll
0x00007fff2c6a0000 - 0x00007fff2c70a000 	C:\WINDOWS\system32\mswsock.dll
0x00007fff24240000 - 0x00007fff24253000 	D:\Android\jre\jre\bin\nio.dll
0x00007fff27390000 - 0x00007fff273b7000 	C:\Users\Administrator\.gradle\native\f6784746aeab05261644944871eae4fe03e0ef1612fff0a4a95f87b438bc6780\windows-amd64\native-platform.dll
0x00007fff253a0000 - 0x00007fff253ad000 	D:\Android\jre\jre\bin\management.dll
0x00007fff2c910000 - 0x00007fff2c928000 	C:\WINDOWS\SYSTEM32\CRYPTSP.dll
0x00007fff2bfc0000 - 0x00007fff2bff4000 	C:\WINDOWS\system32\rsaenh.dll
0x00007fff2d7f0000 - 0x00007fff2d817000 	C:\WINDOWS\System32\bcrypt.dll
0x00007fff2ce50000 - 0x00007fff2ce7e000 	C:\WINDOWS\SYSTEM32\USERENV.dll
0x00007fff2d6b0000 - 0x00007fff2d732000 	C:\WINDOWS\System32\bcryptprimitives.dll
0x00007fff2c900000 - 0x00007fff2c90c000 	C:\WINDOWS\SYSTEM32\CRYPTBASE.dll
0x00007fff2c390000 - 0x00007fff2c3cb000 	C:\WINDOWS\SYSTEM32\IPHLPAPI.DLL
0x00007fff2e490000 - 0x00007fff2e498000 	C:\WINDOWS\System32\NSI.dll
0x00007fff1e370000 - 0x00007fff1e387000 	C:\WINDOWS\SYSTEM32\dhcpcsvc6.DLL
0x00007fff1e7b0000 - 0x00007fff1e7cd000 	C:\WINDOWS\SYSTEM32\dhcpcsvc.DLL
0x00007fff2c3d0000 - 0x00007fff2c49a000 	C:\WINDOWS\SYSTEM32\DNSAPI.dll
0x00007fff22090000 - 0x00007fff2209b000 	C:\WINDOWS\SYSTEM32\WINNSI.DLL

VM Arguments:
jvm_args: -Xmx2048m -Dfile.encoding=UTF-8 -Duser.country=CN -Duser.language=zh -Duser.variant 
java_command: org.gradle.launcher.daemon.bootstrap.GradleDaemon 6.5
java_class_path (initial): C:\Users\Administrator\.gradle\wrapper\dists\gradle-6.5-all\2oz4ud9k3tuxjg84bbf55q0tn\gradle-6.5\lib\gradle-launcher-6.5.jar
Launcher Type: SUN_STANDARD

Environment Variables:
JAVA_HOME=C:\Program Files\Java\jdk-14.0.1
CLASSPATH=C:\Program Files\Java\jdk-14.0.1\lib;C:\Program Files\Java\jdk-14.0.1\lib\tools.jar;C:\Program Files\apache-tomcat-8.5.63\lib\servlet-api.jar;
PATH=D:\Python\Python37\Scripts\;D:\Python\Python37\;C:\Windows\system32;C:\Windows;C:\Windows\System32\Wbem;C:\Windows\System32\WindowsPowerShell\v1.0\;C:\Windows\System32\OpenSSH\;C:\Program Files (x86)\NVIDIA Corporation\PhysX\Common;C:\Program Files\NVIDIA Corporation\NVIDIA NvDLISR;D:\Python\Python37;C:\Program Files\dotnet\;C:\Program Files\Sublime Text 3;C:\Program Files\Java\jdk-14.0.1\bin;C:\Program Files\Java\jdk-14.0.1\bin;C:\Program Files\Java\jdk-14.0.1\jre\bin;C:\Program Files\Git\cmd;D:\mysql-8.0.21-winx64\mysql-8.0.21-winx64\bin;% ANDROID_SDK_HOME%\platform-tools;% ANDROID_SDK_HOME%\tools;C:\Program Files\apache-tomcat-8.5.63\bin;C:\Program Files\apache-tomcat-8.5.63\lib;C:\Program Files\mingw64\bin;C:\Program Files\nodejs\;C:\WINDOWS\system32;C:\WINDOWS;C:\WINDOWS\System32\Wbem;C:\WINDOWS\System32\WindowsPowerShell\v1.0\;C:\WINDOWS\System32\OpenSSH\;C:\Program Files\WireGuard\;C:\Program Files\PowerShell\7\;D:\android-sdk\platform-tools;C:\Program Files (x86)\Microsoft SQL Server\100\Tools\Binn\;C:\Program Files\Microsoft SQL Server\100\Tools\Binn\;C:\Program Files\Microsoft SQL Server\100\DTS\Binn\;C:\Users\Administrator\AppData\Local\Microsoft\WindowsApps;D:\JetBrains\PyCharm 2019.1.3\bin;C:\Program Files\Java\jdk-14.0.1\bin;"C:\Program Files\Java\jdk-14.0.1\bin;C:\Program Files\Java\jdk-14.0.1\jre\bin";D:\mysql-8.0.21-winx64\mysql-8.0.21-winx64\bin;% ANDROID_SDK_HOME%\platform-tools;% ANDROID_SDK_HOME%\tools;C:\Users\Administrator\AppData\Local\gitkraken\bin;D:\Programs\Microsoft VS Code\bin;C:\Users\Administrator\AppData\Roaming\npm;C:\Users\Administrator\AppData\Local\Microsoft\WindowsApps;D:\mingw64\bin;D:\android-sdk\platform-tools;D:\Tencent\QQGameTempest\Hall.57734\;i:\Program Files\JetBrains\PyCharm Community Edition 2021.3.2\bin;;i:\Program Files\JetBrains\PyCharm 2021.3.2\bin;
USERNAME=Zytau
OS=Windows_NT
PROCESSOR_IDENTIFIER=Intel64 Family 6 Model 158 Stepping 9, GenuineIntel



---------------  S Y S T E M  ---------------

OS: Windows 10.0 , 64 bit Build 19041 (10.0.19041.1566)

CPU:total 4 (initial active 4) (4 cores per cpu, 1 threads per core) family 6 model 158 stepping 9, cmov, cx8, fxsr, mmx, sse, sse2, sse3, ssse3, sse4.1, sse4.2, popcnt, avx, avx2, aes, clmul, erms, 3dnowpref, lzcnt, tsc, tscinvbit, bmi1, bmi2, adx

Memory: 4k page, physical 16640476k(2938612k free), swap 23405148k(6320k free)

vm_info: OpenJDK 64-Bit Server VM (25.242-b01) for windows-amd64 JRE (1.8.0_242-release-1644-b01), built by "builder" with MS VC++ 10.0 (VS2010)

time: Mon Apr 18 22:01:26 2022
timezone: 中国标准时间
elapsed time: 20 seconds (0d 0h 0m 20s)

